#! /usr/bin/vvp
:ivl_version "10.1 (stable)";
:ivl_delay_selection "TYPICAL";
:vpi_time_precision - 12;
:vpi_module "system";
:vpi_module "vhdl_sys";
:vpi_module "v2005_math";
:vpi_module "va_math";
:vpi_module "v2009";
S_0x2538390 .scope module, "and_cell" "and_cell" 2 16;
 .timescale 0 0;
    .port_info 0 /INPUT 1 "a"
    .port_info 1 /INPUT 1 "b"
    .port_info 2 /OUTPUT 1 "out"
o0x7fbc7975f018 .functor BUFZ 1, C4<z>; HiZ drive
o0x7fbc7975f048 .functor BUFZ 1, C4<z>; HiZ drive
L_0x256cbf0 .functor AND 1, o0x7fbc7975f018, o0x7fbc7975f048, C4<1>, C4<1>;
v0x2508f30_0 .net "a", 0 0, o0x7fbc7975f018;  0 drivers
v0x25496f0_0 .net "b", 0 0, o0x7fbc7975f048;  0 drivers
v0x25497b0_0 .net "out", 0 0, L_0x256cbf0;  1 drivers
S_0x2530460 .scope module, "buffer_cell" "buffer_cell" 2 9;
 .timescale 0 0;
    .port_info 0 /INPUT 1 "in"
    .port_info 1 /OUTPUT 1 "out"
o0x7fbc7975f138 .functor BUFZ 1, C4<z>; HiZ drive
L_0x256ccf0 .functor BUFZ 1, o0x7fbc7975f138, C4<0>, C4<0>, C4<0>;
v0x2549900_0 .net "in", 0 0, o0x7fbc7975f138;  0 drivers
v0x25499c0_0 .net "out", 0 0, L_0x256ccf0;  1 drivers
S_0x2530640 .scope module, "dff_cell" "dff_cell" 2 70;
 .timescale 0 0;
    .port_info 0 /INPUT 1 "clk"
    .port_info 1 /INPUT 1 "d"
    .port_info 2 /OUTPUT 1 "q"
    .port_info 3 /OUTPUT 1 "notq"
o0x7fbc7975f1f8 .functor BUFZ 1, C4<z>; HiZ drive
v0x2549b40_0 .net "clk", 0 0, o0x7fbc7975f1f8;  0 drivers
o0x7fbc7975f228 .functor BUFZ 1, C4<z>; HiZ drive
v0x2549c20_0 .net "d", 0 0, o0x7fbc7975f228;  0 drivers
v0x2549ce0_0 .net "notq", 0 0, L_0x256cdc0;  1 drivers
v0x2549db0_0 .var "q", 0 0;
E_0x2549ae0 .event posedge, v0x2549b40_0;
L_0x256cdc0 .reduce/nor v0x2549db0_0;
S_0x24fa3a0 .scope module, "dffsr_cell" "dffsr_cell" 2 83;
 .timescale 0 0;
    .port_info 0 /INPUT 1 "clk"
    .port_info 1 /INPUT 1 "d"
    .port_info 2 /INPUT 1 "s"
    .port_info 3 /INPUT 1 "r"
    .port_info 4 /OUTPUT 1 "q"
    .port_info 5 /OUTPUT 1 "notq"
o0x7fbc7975f378 .functor BUFZ 1, C4<z>; HiZ drive
v0x2549fa0_0 .net "clk", 0 0, o0x7fbc7975f378;  0 drivers
o0x7fbc7975f3a8 .functor BUFZ 1, C4<z>; HiZ drive
v0x254a080_0 .net "d", 0 0, o0x7fbc7975f3a8;  0 drivers
v0x254a140_0 .net "notq", 0 0, L_0x256cec0;  1 drivers
v0x254a1e0_0 .var "q", 0 0;
o0x7fbc7975f438 .functor BUFZ 1, C4<z>; HiZ drive
v0x254a2a0_0 .net "r", 0 0, o0x7fbc7975f438;  0 drivers
o0x7fbc7975f468 .functor BUFZ 1, C4<z>; HiZ drive
v0x254a3b0_0 .net "s", 0 0, o0x7fbc7975f468;  0 drivers
E_0x2549f20 .event posedge, v0x254a2a0_0, v0x254a3b0_0, v0x2549fa0_0;
L_0x256cec0 .reduce/nor v0x254a1e0_0;
S_0x252c510 .scope module, "mux_cell" "mux_cell" 2 60;
 .timescale 0 0;
    .port_info 0 /INPUT 1 "a"
    .port_info 1 /INPUT 1 "b"
    .port_info 2 /INPUT 1 "sel"
    .port_info 3 /OUTPUT 1 "out"
o0x7fbc7975f5b8 .functor BUFZ 1, C4<z>; HiZ drive
v0x254a570_0 .net "a", 0 0, o0x7fbc7975f5b8;  0 drivers
o0x7fbc7975f5e8 .functor BUFZ 1, C4<z>; HiZ drive
v0x254a650_0 .net "b", 0 0, o0x7fbc7975f5e8;  0 drivers
v0x254a710_0 .net "out", 0 0, L_0x256cfc0;  1 drivers
o0x7fbc7975f648 .functor BUFZ 1, C4<z>; HiZ drive
v0x254a7b0_0 .net "sel", 0 0, o0x7fbc7975f648;  0 drivers
L_0x256cfc0 .functor MUXZ 1, o0x7fbc7975f5b8, o0x7fbc7975f5e8, o0x7fbc7975f648, C4<>;
S_0x252c330 .scope module, "nand_cell" "nand_cell" 2 43;
 .timescale 0 0;
    .port_info 0 /INPUT 1 "a"
    .port_info 1 /INPUT 1 "b"
    .port_info 2 /OUTPUT 1 "out"
o0x7fbc7975f768 .functor BUFZ 1, C4<z>; HiZ drive
o0x7fbc7975f798 .functor BUFZ 1, C4<z>; HiZ drive
L_0x256d120 .functor AND 1, o0x7fbc7975f768, o0x7fbc7975f798, C4<1>, C4<1>;
v0x254a920_0 .net *"_s0", 0 0, L_0x256d120;  1 drivers
v0x254aa20_0 .net "a", 0 0, o0x7fbc7975f768;  0 drivers
v0x254aae0_0 .net "b", 0 0, o0x7fbc7975f798;  0 drivers
v0x254ab80_0 .net "out", 0 0, L_0x256d220;  1 drivers
L_0x256d220 .reduce/nor L_0x256d120;
S_0x25283a0 .scope module, "not_cell" "not_cell" 2 52;
 .timescale 0 0;
    .port_info 0 /INPUT 1 "in"
    .port_info 1 /OUTPUT 1 "out"
o0x7fbc7975f888 .functor BUFZ 1, C4<z>; HiZ drive
v0x254acc0_0 .net "in", 0 0, o0x7fbc7975f888;  0 drivers
v0x254ad80_0 .net "out", 0 0, L_0x256d2f0;  1 drivers
L_0x256d2f0 .reduce/nor o0x7fbc7975f888;
S_0x25281c0 .scope module, "or_cell" "or_cell" 2 25;
 .timescale 0 0;
    .port_info 0 /INPUT 1 "a"
    .port_info 1 /INPUT 1 "b"
    .port_info 2 /OUTPUT 1 "out"
o0x7fbc7975f948 .functor BUFZ 1, C4<z>; HiZ drive
o0x7fbc7975f978 .functor BUFZ 1, C4<z>; HiZ drive
L_0x256d3c0 .functor OR 1, o0x7fbc7975f948, o0x7fbc7975f978, C4<0>, C4<0>;
v0x254aea0_0 .net "a", 0 0, o0x7fbc7975f948;  0 drivers
v0x254af60_0 .net "b", 0 0, o0x7fbc7975f978;  0 drivers
v0x254b020_0 .net "out", 0 0, L_0x256d3c0;  1 drivers
S_0x2524230 .scope module, "popcount" "popcount" 3 2;
 .timescale 0 0;
    .port_info 0 /INPUT 8 "in"
    .port_info 1 /OUTPUT 4 "count"
P_0x2538150 .param/l "COUNTER_BITS" 0 3 4, +C4<00000000000000000000000000000100>;
P_0x2538190 .param/l "INPUTS" 0 3 3, +C4<00000000000000000000000000001000>;
v0x254b190_0 .var "count", 3 0;
o0x7fbc7975fa98 .functor BUFZ 8, C4<zzzzzzzz>; HiZ drive
v0x254b290_0 .net "in", 7 0, o0x7fbc7975fa98;  0 drivers
E_0x253ee20 .event edge, v0x254b290_0;
S_0x2524050 .scope module, "tb" "tb" 4 9;
 .timescale -9 -12;
    .port_info 0 /INPUT 1 "clk"
    .port_info 1 /INPUT 1 "setup"
    .port_info 2 /INPUT 1 "param_in"
    .port_info 3 /INPUT 1 "x_bank_hi"
    .port_info 4 /INPUT 8 "x"
    .port_info 5 /OUTPUT 8 "out"
o0x7fbc79762e88 .functor BUFZ 8, C4<zzzzzzzz>; HiZ drive
L_0x256d9e0 .functor BUFZ 8, o0x7fbc79762e88, C4<00000000>, C4<00000000>, C4<00000000>;
v0x256bc40_0 .net *"_s1", 3 0, L_0x256d4c0;  1 drivers
L_0x7fbc797160a8 .functor BUFT 1, C4<00000000000000000000000000000001>, C4<0>, C4<0>, C4<0>;
v0x256bd40_0 .net/2s *"_s10", 31 0, L_0x7fbc797160a8;  1 drivers
L_0x7fbc797160f0 .functor BUFT 1, C4<00000000000000000000000000000000>, C4<0>, C4<0>, C4<0>;
v0x256be20_0 .net/2s *"_s14", 31 0, L_0x7fbc797160f0;  1 drivers
L_0x7fbc79716138 .functor BUFT 1, C4<00000000000000000000000000000001>, C4<0>, C4<0>, C4<0>;
v0x256bee0_0 .net/2s *"_s18", 31 0, L_0x7fbc79716138;  1 drivers
v0x256bfc0_0 .net *"_s3", 3 0, L_0x256d5c0;  1 drivers
v0x256c0a0_0 .net *"_s4", 3 0, L_0x256d6e0;  1 drivers
o0x7fbc797631b8 .functor BUFZ 1, C4<z>; HiZ drive
v0x256c180_0 .net "clk", 0 0, o0x7fbc797631b8;  0 drivers
v0x256c240_0 .net "inputs", 7 0, L_0x256d850;  1 drivers
v0x256c300_0 .net "out", 7 0, L_0x256d9e0;  1 drivers
v0x256c450_0 .net "outputs", 7 0, o0x7fbc79762e88;  0 drivers
o0x7fbc79763218 .functor BUFZ 1, C4<z>; HiZ drive
v0x256c540_0 .net "param_in", 0 0, o0x7fbc79763218;  0 drivers
o0x7fbc79763248 .functor BUFZ 1, C4<z>; HiZ drive
v0x256c5e0_0 .net "setup", 0 0, o0x7fbc79763248;  0 drivers
o0x7fbc79763278 .functor BUFZ 8, C4<zzzzzzzz>; HiZ drive
v0x256c6a0_0 .net "x", 7 0, o0x7fbc79763278;  0 drivers
o0x7fbc797632a8 .functor BUFZ 1, C4<z>; HiZ drive
v0x256c780_0 .net "x_bank_hi", 0 0, o0x7fbc797632a8;  0 drivers
L_0x256d4c0 .part o0x7fbc79763278, 4, 4;
L_0x256d5c0 .part o0x7fbc79763278, 0, 4;
L_0x256d6e0 .functor MUXZ 4, L_0x256d5c0, L_0x256d4c0, o0x7fbc797632a8, C4<>;
LS_0x256d850_0_0 .concat [ 1 1 1 1], o0x7fbc797631b8, o0x7fbc79763248, o0x7fbc79763218, o0x7fbc797632a8;
LS_0x256d850_0_4 .concat [ 4 0 0 0], L_0x256d6e0;
L_0x256d850 .concat [ 4 4 0 0], LS_0x256d850_0_0, LS_0x256d850_0_4;
L_0x2572480 .part L_0x7fbc797160a8, 0, 1;
L_0x2582760 .part L_0x7fbc797160f0, 0, 1;
L_0x25828a0 .part L_0x7fbc79716138, 0, 1;
S_0x254b3d0 .scope module, "tiny_bnn" "tt_um_sellicott_tiny_bnn" 4 32, 5 3 0, S_0x2524050;
 .timescale -9 -12;
    .port_info 0 /INPUT 8 "ui_in"
    .port_info 1 /OUTPUT 8 "uo_out"
    .port_info 2 /INPUT 8 "uio_in"
    .port_info 3 /OUTPUT 8 "uio_out"
    .port_info 4 /OUTPUT 8 "uio_oe"
    .port_info 5 /INPUT 1 "ena"
    .port_info 6 /INPUT 1 "clk"
    .port_info 7 /INPUT 1 "rst_n"
P_0x254b5a0 .param/l "GLOBAL_INPUTS" 1 5 23, +C4<00000000000000000000000000001000>;
P_0x254b5e0 .param/l "GLOBAL_OUTPUTS" 1 5 24, +C4<00000000000000000000000000001000>;
P_0x254b620 .param/l "HIDDEN_UNITS" 1 5 25, +C4<00000000000000000000000000001000>;
P_0x254b660 .param/l "HIDDEN_UNITS2" 1 5 26, +C4<00000000000000000000000000000000>;
L_0x2571e50 .functor BUFZ 8, L_0x256d850, C4<00000000>, C4<00000000>, C4<00000000>;
L_0x2571ec0 .functor BUFZ 8, o0x7fbc79762e88, C4<00000000>, C4<00000000>, C4<00000000>;
v0x256a600_0 .net *"_s143", 10 0, L_0x2571f80;  1 drivers
v0x256a700_0 .net "_unused", 0 0, L_0x2571d20;  1 drivers
v0x256a7c0_0 .net "clk", 0 0, L_0x2582760;  1 drivers
v0x256a890_0 .net "clk_user", 0 0, L_0x2572160;  1 drivers
v0x255bb30_0 .net "ena", 0 0, L_0x2572480;  1 drivers
v0x256ab40_0 .var "global_input", 7 0;
v0x256ad10_0 .net "global_output", 7 0, L_0x2571030;  1 drivers
v0x256adb0_0 .net "hidden", 7 0, L_0x256ac00;  1 drivers
v0x256ae50_0 .net "io_in", 7 0, L_0x2571e50;  1 drivers
RS_0x7fbc79762d08 .resolv tri, L_0x2571aa0, L_0x2571ec0;
v0x256afc0_0 .net8 "io_out", 7 0, RS_0x7fbc79762d08;  2 drivers
v0x256b0a0_0 .net "param_chain", 15 0, L_0x2570980;  1 drivers
v0x256b180_0 .net "param_in", 0 0, L_0x2572350;  1 drivers
v0x256b240_0 .net "rst_n", 0 0, L_0x25828a0;  1 drivers
v0x256b300_0 .net "setup", 0 0, L_0x2572020;  1 drivers
v0x255bec0_0 .net "ui_in", 7 0, L_0x256d850;  alias, 1 drivers
o0x7fbc79762df8 .functor BUFZ 8, C4<zzzzzzzz>; HiZ drive
v0x256b5b0_0 .net "uio_in", 7 0, o0x7fbc79762df8;  0 drivers
L_0x7fbc79716060 .functor BUFT 1, C4<00000000>, C4<0>, C4<0>, C4<0>;
v0x256b670_0 .net "uio_oe", 7 0, L_0x7fbc79716060;  1 drivers
L_0x7fbc79716018 .functor BUFT 1, C4<00000000>, C4<0>, C4<0>, C4<0>;
v0x256b820_0 .net "uio_out", 7 0, L_0x7fbc79716018;  1 drivers
v0x256b8c0_0 .net "uo_out", 7 0, o0x7fbc79762e88;  alias, 0 drivers
v0x256b9a0_0 .net "x", 3 0, L_0x2572590;  1 drivers
v0x256ba80_0 .net "x_bank_hi", 0 0, L_0x2572250;  1 drivers
L_0x256dd10 .part L_0x2570980, 0, 1;
L_0x256dfb0 .part L_0x2570980, 1, 1;
L_0x256e2a0 .part L_0x2570980, 2, 1;
L_0x256e540 .part L_0x2570980, 3, 1;
L_0x256e820 .part L_0x2570980, 4, 1;
L_0x256eac0 .part L_0x2570980, 5, 1;
L_0x256eda0 .part L_0x2570980, 6, 1;
LS_0x256ac00_0_0 .concat8 [ 1 1 1 1], v0x254cce0_0, v0x254ea30_0, v0x2550760_0, v0x25524b0_0;
LS_0x256ac00_0_4 .concat8 [ 1 1 1 1], v0x25541c0_0, v0x2555f80_0, v0x2557c80_0, v0x2559980_0;
L_0x256ac00 .concat8 [ 4 4 0 0], LS_0x256ac00_0_0, LS_0x256ac00_0_4;
L_0x256f6d0 .part L_0x2570980, 7, 1;
L_0x256f9e0 .part L_0x2570980, 8, 1;
L_0x256fc40 .part L_0x2570980, 9, 1;
L_0x256fe90 .part L_0x2570980, 10, 1;
L_0x2570150 .part L_0x2570980, 11, 1;
L_0x25703a0 .part L_0x2570980, 12, 1;
L_0x2570600 .part L_0x2570980, 13, 1;
L_0x2570850 .part L_0x2570980, 14, 1;
LS_0x2570980_0_0 .concat8 [ 1 1 1 1], L_0x256db60, L_0x256de00, L_0x256e0f0, L_0x256e390;
LS_0x2570980_0_4 .concat8 [ 1 1 1 1], L_0x256e6c0, L_0x256e910, L_0x256ebf0, L_0x256ee90;
LS_0x2570980_0_8 .concat8 [ 1 1 1 1], L_0x256f520, L_0x256f880, L_0x256fae0, L_0x256fce0;
LS_0x2570980_0_12 .concat8 [ 1 1 1 1], L_0x256ffa0, L_0x25701f0, L_0x25704c0, L_0x25706a0;
L_0x2570980 .concat8 [ 4 4 4 4], LS_0x2570980_0_0, LS_0x2570980_0_4, LS_0x2570980_0_8, LS_0x2570980_0_12;
LS_0x2571030_0_0 .concat8 [ 1 1 1 1], v0x255b6c0_0, v0x255d420_0, v0x255f070_0, v0x2560cc0_0;
LS_0x2571030_0_4 .concat8 [ 1 1 1 1], v0x2562900_0, v0x2564540_0, v0x2566180_0, v0x2567dc0_0;
L_0x2571030 .concat8 [ 4 4 0 0], LS_0x2571030_0_0, LS_0x2571030_0_4;
L_0x2571440 .part L_0x2571030, 0, 1;
L_0x25714e0 .part L_0x2571030, 1, 1;
L_0x25713a0 .part L_0x2571030, 2, 1;
L_0x25716c0 .part L_0x2571030, 3, 1;
L_0x2571580 .part L_0x2571030, 4, 1;
L_0x2571820 .part L_0x2571030, 5, 1;
L_0x2571760 .part L_0x2571030, 6, 1;
LS_0x2571aa0_0_0 .concat8 [ 1 1 1 1], L_0x2571440, L_0x25714e0, L_0x25713a0, L_0x25716c0;
LS_0x2571aa0_0_4 .concat8 [ 1 1 1 1], L_0x2571580, L_0x2571820, L_0x2571760, L_0x25718c0;
L_0x2571aa0 .concat8 [ 4 4 0 0], LS_0x2571aa0_0_0, LS_0x2571aa0_0_4;
L_0x25718c0 .part L_0x2571030, 7, 1;
L_0x2571f80 .concat [ 8 1 1 1], o0x7fbc79762df8, L_0x2572480, L_0x25828a0, L_0x2582760;
L_0x2571d20 .reduce/and L_0x2571f80;
L_0x2572160 .part L_0x2571e50, 0, 1;
L_0x2572020 .part L_0x2571e50, 1, 1;
L_0x2572350 .part L_0x2571e50, 2, 1;
L_0x2572250 .part L_0x2571e50, 3, 1;
L_0x2572590 .part L_0x2571e50, 4, 4;
S_0x254b9f0 .scope generate, "gen_blk_i1[0]" "gen_blk_i1[0]" 5 84, 5 84 0, S_0x254b3d0;
 .timescale -9 -12;
P_0x254bc00 .param/l "i1" 0 5 84, +C4<00>;
L_0x256daa0 .functor BUFZ 1, L_0x2572350, C4<0>, C4<0>, C4<0>;
v0x254d7b0_0 .net "p", 0 0, L_0x256daa0;  1 drivers
S_0x254bce0 .scope module, "input_layer" "neuron" 5 87, 6 2 0, S_0x254b9f0;
 .timescale 0 0;
    .port_info 0 /INPUT 1 "clk"
    .port_info 1 /INPUT 1 "setup"
    .port_info 2 /INPUT 1 "param_in"
    .port_info 3 /OUTPUT 1 "param_out"
    .port_info 4 /INPUT 8 "inputs"
    .port_info 5 /OUTPUT 1 "axon"
P_0x254beb0 .param/l "BIAS_BITS" 0 6 4, +C4<00000000000000000000000000000011>;
P_0x254bef0 .param/l "INPUTS" 0 6 3, +C4<00000000000000000000000000001000>;
P_0x254bf30 .param/l "USE_CHEAP_BIAS" 0 6 5, +C4<00000000000000000000000000000000>;
L_0x256dc50 .functor AND 8, v0x254d560_0, v0x256ab40_0, C4<11111111>, C4<11111111>;
v0x254cf10_0 .net "axon", 0 0, v0x254cce0_0;  1 drivers
v0x254cfb0_0 .var "bias", 2 0;
v0x254d080_0 .net "clk", 0 0, L_0x2572160;  alias, 1 drivers
v0x254d150_0 .net "inputs", 7 0, v0x256ab40_0;  1 drivers
v0x254d210_0 .net "param_in", 0 0, L_0x256daa0;  alias, 1 drivers
v0x254d320_0 .net "param_out", 0 0, L_0x256db60;  1 drivers
v0x254d3e0_0 .net "setup", 0 0, L_0x2572020;  alias, 1 drivers
v0x254d4a0_0 .net "synapses", 7 0, L_0x256dc50;  1 drivers
v0x254d560_0 .var "weights", 7 0;
E_0x254c120 .event posedge, v0x254d080_0;
L_0x256db60 .part v0x254cfb0_0, 2, 1;
S_0x254c280 .scope generate, "genblk2" "genblk2" 6 74, 6 74 0, S_0x254bce0;
 .timescale 0 0;
S_0x254c470 .scope module, "spike_counter" "popcount_and_threshold" 6 77, 3 31 0, S_0x254c280;
 .timescale 0 0;
    .port_info 0 /INPUT 8 "in"
    .port_info 1 /INPUT 3 "threshold"
    .port_info 2 /OUTPUT 1 "out"
P_0x254c660 .param/l "INPUTS" 0 3 32, +C4<00000000000000000000000000001000>;
P_0x254c6a0 .param/l "THRESHOLD_BITS" 0 3 33, +C4<00000000000000000000000000000011>;
v0x254cc40_0 .net "in", 7 0, L_0x256dc50;  alias, 1 drivers
v0x254cce0_0 .var "out", 0 0;
v0x254cd80_0 .net "threshold", 2 0, v0x254cfb0_0;  1 drivers
E_0x254c870 .event edge, v0x254cc40_0, v0x254cd80_0;
S_0x254c8f0 .scope begin, "$unm_blk_16" "$unm_blk_16" 3 51, 3 51 0, S_0x254c470;
 .timescale 0 0;
P_0x254cae0 .param/l "COUNTER_BITS" 1 3 52, +C4<000000000000000000000000000000100>;
S_0x254d8a0 .scope generate, "gen_blk_i1[1]" "gen_blk_i1[1]" 5 84, 5 84 0, S_0x254b3d0;
 .timescale -9 -12;
P_0x254da40 .param/l "i1" 0 5 84, +C4<01>;
v0x254f4d0_0 .net "p", 0 0, L_0x256dd10;  1 drivers
S_0x254db00 .scope module, "input_layer" "neuron" 5 87, 6 2 0, S_0x254d8a0;
 .timescale 0 0;
    .port_info 0 /INPUT 1 "clk"
    .port_info 1 /INPUT 1 "setup"
    .port_info 2 /INPUT 1 "param_in"
    .port_info 3 /OUTPUT 1 "param_out"
    .port_info 4 /INPUT 8 "inputs"
    .port_info 5 /OUTPUT 1 "axon"
P_0x254dcd0 .param/l "BIAS_BITS" 0 6 4, +C4<00000000000000000000000000000011>;
P_0x254dd10 .param/l "INPUTS" 0 6 3, +C4<00000000000000000000000000001000>;
P_0x254dd50 .param/l "USE_CHEAP_BIAS" 0 6 5, +C4<00000000000000000000000000000000>;
L_0x256def0 .functor AND 8, v0x254f2a0_0, v0x256ab40_0, C4<11111111>, C4<11111111>;
v0x254ec60_0 .net "axon", 0 0, v0x254ea30_0;  1 drivers
v0x254ed00_0 .var "bias", 2 0;
v0x254edd0_0 .net "clk", 0 0, L_0x2572160;  alias, 1 drivers
v0x254eed0_0 .net "inputs", 7 0, v0x256ab40_0;  alias, 1 drivers
v0x254efa0_0 .net "param_in", 0 0, L_0x256dd10;  alias, 1 drivers
v0x254f090_0 .net "param_out", 0 0, L_0x256de00;  1 drivers
v0x254f130_0 .net "setup", 0 0, L_0x2572020;  alias, 1 drivers
v0x254f1d0_0 .net "synapses", 7 0, L_0x256def0;  1 drivers
v0x254f2a0_0 .var "weights", 7 0;
L_0x256de00 .part v0x254ed00_0, 2, 1;
S_0x254e060 .scope generate, "genblk2" "genblk2" 6 74, 6 74 0, S_0x254db00;
 .timescale 0 0;
S_0x254e1e0 .scope module, "spike_counter" "popcount_and_threshold" 6 77, 3 31 0, S_0x254e060;
 .timescale 0 0;
    .port_info 0 /INPUT 8 "in"
    .port_info 1 /INPUT 3 "threshold"
    .port_info 2 /OUTPUT 1 "out"
P_0x254e3b0 .param/l "INPUTS" 0 3 32, +C4<00000000000000000000000000001000>;
P_0x254e3f0 .param/l "THRESHOLD_BITS" 0 3 33, +C4<00000000000000000000000000000011>;
v0x254e990_0 .net "in", 7 0, L_0x256def0;  alias, 1 drivers
v0x254ea30_0 .var "out", 0 0;
v0x254ead0_0 .net "threshold", 2 0, v0x254ed00_0;  1 drivers
E_0x254e5c0 .event edge, v0x254e990_0, v0x254ead0_0;
S_0x254e640 .scope begin, "$unm_blk_16" "$unm_blk_16" 3 51, 3 51 0, S_0x254e1e0;
 .timescale 0 0;
P_0x254e830 .param/l "COUNTER_BITS" 1 3 52, +C4<000000000000000000000000000000100>;
S_0x254f5c0 .scope generate, "gen_blk_i1[2]" "gen_blk_i1[2]" 5 84, 5 84 0, S_0x254b3d0;
 .timescale -9 -12;
P_0x254f790 .param/l "i1" 0 5 84, +C4<010>;
v0x25512c0_0 .net "p", 0 0, L_0x256dfb0;  1 drivers
S_0x254f830 .scope module, "input_layer" "neuron" 5 87, 6 2 0, S_0x254f5c0;
 .timescale 0 0;
    .port_info 0 /INPUT 1 "clk"
    .port_info 1 /INPUT 1 "setup"
    .port_info 2 /INPUT 1 "param_in"
    .port_info 3 /OUTPUT 1 "param_out"
    .port_info 4 /INPUT 8 "inputs"
    .port_info 5 /OUTPUT 1 "axon"
P_0x254fa00 .param/l "BIAS_BITS" 0 6 4, +C4<00000000000000000000000000000011>;
P_0x254fa40 .param/l "INPUTS" 0 6 3, +C4<00000000000000000000000000001000>;
P_0x254fa80 .param/l "USE_CHEAP_BIAS" 0 6 5, +C4<00000000000000000000000000000000>;
L_0x256e1e0 .functor AND 8, v0x2551070_0, v0x256ab40_0, C4<11111111>, C4<11111111>;
v0x2550990_0 .net "axon", 0 0, v0x2550760_0;  1 drivers
v0x2550a30_0 .var "bias", 2 0;
v0x2550b00_0 .net "clk", 0 0, L_0x2572160;  alias, 1 drivers
v0x2550c20_0 .net "inputs", 7 0, v0x256ab40_0;  alias, 1 drivers
v0x2550d10_0 .net "param_in", 0 0, L_0x256dfb0;  alias, 1 drivers
v0x2550e00_0 .net "param_out", 0 0, L_0x256e0f0;  1 drivers
v0x2550ec0_0 .net "setup", 0 0, L_0x2572020;  alias, 1 drivers
v0x2550fb0_0 .net "synapses", 7 0, L_0x256e1e0;  1 drivers
v0x2551070_0 .var "weights", 7 0;
L_0x256e0f0 .part v0x2550a30_0, 2, 1;
S_0x254fd90 .scope generate, "genblk2" "genblk2" 6 74, 6 74 0, S_0x254f830;
 .timescale 0 0;
S_0x254ff10 .scope module, "spike_counter" "popcount_and_threshold" 6 77, 3 31 0, S_0x254fd90;
 .timescale 0 0;
    .port_info 0 /INPUT 8 "in"
    .port_info 1 /INPUT 3 "threshold"
    .port_info 2 /OUTPUT 1 "out"
P_0x25500e0 .param/l "INPUTS" 0 3 32, +C4<00000000000000000000000000001000>;
P_0x2550120 .param/l "THRESHOLD_BITS" 0 3 33, +C4<00000000000000000000000000000011>;
v0x25506c0_0 .net "in", 7 0, L_0x256e1e0;  alias, 1 drivers
v0x2550760_0 .var "out", 0 0;
v0x2550800_0 .net "threshold", 2 0, v0x2550a30_0;  1 drivers
E_0x25502f0 .event edge, v0x25506c0_0, v0x2550800_0;
S_0x2550370 .scope begin, "$unm_blk_16" "$unm_blk_16" 3 51, 3 51 0, S_0x254ff10;
 .timescale 0 0;
P_0x2550560 .param/l "COUNTER_BITS" 1 3 52, +C4<000000000000000000000000000000100>;
S_0x2551380 .scope generate, "gen_blk_i1[3]" "gen_blk_i1[3]" 5 84, 5 84 0, S_0x254b3d0;
 .timescale -9 -12;
P_0x2551520 .param/l "i1" 0 5 84, +C4<011>;
v0x2552f20_0 .net "p", 0 0, L_0x256e2a0;  1 drivers
S_0x25515e0 .scope module, "input_layer" "neuron" 5 87, 6 2 0, S_0x2551380;
 .timescale 0 0;
    .port_info 0 /INPUT 1 "clk"
    .port_info 1 /INPUT 1 "setup"
    .port_info 2 /INPUT 1 "param_in"
    .port_info 3 /OUTPUT 1 "param_out"
    .port_info 4 /INPUT 8 "inputs"
    .port_info 5 /OUTPUT 1 "axon"
P_0x25517b0 .param/l "BIAS_BITS" 0 6 4, +C4<00000000000000000000000000000011>;
P_0x25517f0 .param/l "INPUTS" 0 6 3, +C4<00000000000000000000000000001000>;
P_0x2551830 .param/l "USE_CHEAP_BIAS" 0 6 5, +C4<00000000000000000000000000000000>;
L_0x256e480 .functor AND 8, v0x2552cd0_0, v0x256ab40_0, C4<11111111>, C4<11111111>;
v0x25526e0_0 .net "axon", 0 0, v0x25524b0_0;  1 drivers
v0x2552780_0 .var "bias", 2 0;
v0x2552850_0 .net "clk", 0 0, L_0x2572160;  alias, 1 drivers
v0x2552920_0 .net "inputs", 7 0, v0x256ab40_0;  alias, 1 drivers
v0x25529c0_0 .net "param_in", 0 0, L_0x256e2a0;  alias, 1 drivers
v0x2552ab0_0 .net "param_out", 0 0, L_0x256e390;  1 drivers
v0x2552b70_0 .net "setup", 0 0, L_0x2572020;  alias, 1 drivers
v0x2552c10_0 .net "synapses", 7 0, L_0x256e480;  1 drivers
v0x2552cd0_0 .var "weights", 7 0;
L_0x256e390 .part v0x2552780_0, 2, 1;
S_0x2551a50 .scope generate, "genblk2" "genblk2" 6 74, 6 74 0, S_0x25515e0;
 .timescale 0 0;
S_0x2551c40 .scope module, "spike_counter" "popcount_and_threshold" 6 77, 3 31 0, S_0x2551a50;
 .timescale 0 0;
    .port_info 0 /INPUT 8 "in"
    .port_info 1 /INPUT 3 "threshold"
    .port_info 2 /OUTPUT 1 "out"
P_0x2551e30 .param/l "INPUTS" 0 3 32, +C4<00000000000000000000000000001000>;
P_0x2551e70 .param/l "THRESHOLD_BITS" 0 3 33, +C4<00000000000000000000000000000011>;
v0x2552410_0 .net "in", 7 0, L_0x256e480;  alias, 1 drivers
v0x25524b0_0 .var "out", 0 0;
v0x2552550_0 .net "threshold", 2 0, v0x2552780_0;  1 drivers
E_0x2552040 .event edge, v0x2552410_0, v0x2552550_0;
S_0x25520c0 .scope begin, "$unm_blk_16" "$unm_blk_16" 3 51, 3 51 0, S_0x2551c40;
 .timescale 0 0;
P_0x25522b0 .param/l "COUNTER_BITS" 1 3 52, +C4<000000000000000000000000000000100>;
S_0x2553010 .scope generate, "gen_blk_i1[4]" "gen_blk_i1[4]" 5 84, 5 84 0, S_0x254b3d0;
 .timescale -9 -12;
P_0x2553200 .param/l "i1" 0 5 84, +C4<0100>;
v0x2554d90_0 .net "p", 0 0, L_0x256e540;  1 drivers
S_0x25532c0 .scope module, "input_layer" "neuron" 5 87, 6 2 0, S_0x2553010;
 .timescale 0 0;
    .port_info 0 /INPUT 1 "clk"
    .port_info 1 /INPUT 1 "setup"
    .port_info 2 /INPUT 1 "param_in"
    .port_info 3 /OUTPUT 1 "param_out"
    .port_info 4 /INPUT 8 "inputs"
    .port_info 5 /OUTPUT 1 "axon"
P_0x2553490 .param/l "BIAS_BITS" 0 6 4, +C4<00000000000000000000000000000011>;
P_0x25534d0 .param/l "INPUTS" 0 6 3, +C4<00000000000000000000000000001000>;
P_0x2553510 .param/l "USE_CHEAP_BIAS" 0 6 5, +C4<00000000000000000000000000000000>;
L_0x256e760 .functor AND 8, v0x2554b40_0, v0x256ab40_0, C4<11111111>, C4<11111111>;
v0x25543f0_0 .net "axon", 0 0, v0x25541c0_0;  1 drivers
v0x2554490_0 .var "bias", 2 0;
v0x2554560_0 .net "clk", 0 0, L_0x2572160;  alias, 1 drivers
v0x25546c0_0 .net "inputs", 7 0, v0x256ab40_0;  alias, 1 drivers
v0x25547f0_0 .net "param_in", 0 0, L_0x256e540;  alias, 1 drivers
v0x2554890_0 .net "param_out", 0 0, L_0x256e6c0;  1 drivers
v0x2554950_0 .net "setup", 0 0, L_0x2572020;  alias, 1 drivers
v0x2554a80_0 .net "synapses", 7 0, L_0x256e760;  1 drivers
v0x2554b40_0 .var "weights", 7 0;
L_0x256e6c0 .part v0x2554490_0, 2, 1;
S_0x25537b0 .scope generate, "genblk2" "genblk2" 6 74, 6 74 0, S_0x25532c0;
 .timescale 0 0;
S_0x2553950 .scope module, "spike_counter" "popcount_and_threshold" 6 77, 3 31 0, S_0x25537b0;
 .timescale 0 0;
    .port_info 0 /INPUT 8 "in"
    .port_info 1 /INPUT 3 "threshold"
    .port_info 2 /OUTPUT 1 "out"
P_0x2553b40 .param/l "INPUTS" 0 3 32, +C4<00000000000000000000000000001000>;
P_0x2553b80 .param/l "THRESHOLD_BITS" 0 3 33, +C4<00000000000000000000000000000011>;
v0x2554120_0 .net "in", 7 0, L_0x256e760;  alias, 1 drivers
v0x25541c0_0 .var "out", 0 0;
v0x2554260_0 .net "threshold", 2 0, v0x2554490_0;  1 drivers
E_0x2553d50 .event edge, v0x2554120_0, v0x2554260_0;
S_0x2553dd0 .scope begin, "$unm_blk_16" "$unm_blk_16" 3 51, 3 51 0, S_0x2553950;
 .timescale 0 0;
P_0x2553fc0 .param/l "COUNTER_BITS" 1 3 52, +C4<000000000000000000000000000000100>;
S_0x2554e80 .scope generate, "gen_blk_i1[5]" "gen_blk_i1[5]" 5 84, 5 84 0, S_0x254b3d0;
 .timescale -9 -12;
P_0x2550f60 .param/l "i1" 0 5 84, +C4<0101>;
v0x25569f0_0 .net "p", 0 0, L_0x256e820;  1 drivers
S_0x2555040 .scope module, "input_layer" "neuron" 5 87, 6 2 0, S_0x2554e80;
 .timescale 0 0;
    .port_info 0 /INPUT 1 "clk"
    .port_info 1 /INPUT 1 "setup"
    .port_info 2 /INPUT 1 "param_in"
    .port_info 3 /OUTPUT 1 "param_out"
    .port_info 4 /INPUT 8 "inputs"
    .port_info 5 /OUTPUT 1 "axon"
P_0x2555210 .param/l "BIAS_BITS" 0 6 4, +C4<00000000000000000000000000000011>;
P_0x2555250 .param/l "INPUTS" 0 6 3, +C4<00000000000000000000000000001000>;
P_0x2555290 .param/l "USE_CHEAP_BIAS" 0 6 5, +C4<00000000000000000000000000000000>;
L_0x256ea00 .functor AND 8, v0x25567a0_0, v0x256ab40_0, C4<11111111>, C4<11111111>;
v0x25561b0_0 .net "axon", 0 0, v0x2555f80_0;  1 drivers
v0x2556250_0 .var "bias", 2 0;
v0x2556320_0 .net "clk", 0 0, L_0x2572160;  alias, 1 drivers
v0x25563f0_0 .net "inputs", 7 0, v0x256ab40_0;  alias, 1 drivers
v0x2556490_0 .net "param_in", 0 0, L_0x256e820;  alias, 1 drivers
v0x2556580_0 .net "param_out", 0 0, L_0x256e910;  1 drivers
v0x2556640_0 .net "setup", 0 0, L_0x2572020;  alias, 1 drivers
v0x25566e0_0 .net "synapses", 7 0, L_0x256ea00;  1 drivers
v0x25567a0_0 .var "weights", 7 0;
L_0x256e910 .part v0x2556250_0, 2, 1;
S_0x2555520 .scope generate, "genblk2" "genblk2" 6 74, 6 74 0, S_0x2555040;
 .timescale 0 0;
S_0x2555710 .scope module, "spike_counter" "popcount_and_threshold" 6 77, 3 31 0, S_0x2555520;
 .timescale 0 0;
    .port_info 0 /INPUT 8 "in"
    .port_info 1 /INPUT 3 "threshold"
    .port_info 2 /OUTPUT 1 "out"
P_0x2555900 .param/l "INPUTS" 0 3 32, +C4<00000000000000000000000000001000>;
P_0x2555940 .param/l "THRESHOLD_BITS" 0 3 33, +C4<00000000000000000000000000000011>;
v0x2555ee0_0 .net "in", 7 0, L_0x256ea00;  alias, 1 drivers
v0x2555f80_0 .var "out", 0 0;
v0x2556020_0 .net "threshold", 2 0, v0x2556250_0;  1 drivers
E_0x2555b10 .event edge, v0x2555ee0_0, v0x2556020_0;
S_0x2555b90 .scope begin, "$unm_blk_16" "$unm_blk_16" 3 51, 3 51 0, S_0x2555710;
 .timescale 0 0;
P_0x2555d80 .param/l "COUNTER_BITS" 1 3 52, +C4<000000000000000000000000000000100>;
S_0x2556ae0 .scope generate, "gen_blk_i1[6]" "gen_blk_i1[6]" 5 84, 5 84 0, S_0x254b3d0;
 .timescale -9 -12;
P_0x2556c80 .param/l "i1" 0 5 84, +C4<0110>;
v0x25586f0_0 .net "p", 0 0, L_0x256eac0;  1 drivers
S_0x2556d40 .scope module, "input_layer" "neuron" 5 87, 6 2 0, S_0x2556ae0;
 .timescale 0 0;
    .port_info 0 /INPUT 1 "clk"
    .port_info 1 /INPUT 1 "setup"
    .port_info 2 /INPUT 1 "param_in"
    .port_info 3 /OUTPUT 1 "param_out"
    .port_info 4 /INPUT 8 "inputs"
    .port_info 5 /OUTPUT 1 "axon"
P_0x2556f10 .param/l "BIAS_BITS" 0 6 4, +C4<00000000000000000000000000000011>;
P_0x2556f50 .param/l "INPUTS" 0 6 3, +C4<00000000000000000000000000001000>;
P_0x2556f90 .param/l "USE_CHEAP_BIAS" 0 6 5, +C4<00000000000000000000000000000000>;
L_0x256ece0 .functor AND 8, v0x25584a0_0, v0x256ab40_0, C4<11111111>, C4<11111111>;
v0x2557eb0_0 .net "axon", 0 0, v0x2557c80_0;  1 drivers
v0x2557f50_0 .var "bias", 2 0;
v0x2558020_0 .net "clk", 0 0, L_0x2572160;  alias, 1 drivers
v0x25580f0_0 .net "inputs", 7 0, v0x256ab40_0;  alias, 1 drivers
v0x2558190_0 .net "param_in", 0 0, L_0x256eac0;  alias, 1 drivers
v0x2558280_0 .net "param_out", 0 0, L_0x256ebf0;  1 drivers
v0x2558340_0 .net "setup", 0 0, L_0x2572020;  alias, 1 drivers
v0x25583e0_0 .net "synapses", 7 0, L_0x256ece0;  1 drivers
v0x25584a0_0 .var "weights", 7 0;
L_0x256ebf0 .part v0x2557f50_0, 2, 1;
S_0x2557220 .scope generate, "genblk2" "genblk2" 6 74, 6 74 0, S_0x2556d40;
 .timescale 0 0;
S_0x2557410 .scope module, "spike_counter" "popcount_and_threshold" 6 77, 3 31 0, S_0x2557220;
 .timescale 0 0;
    .port_info 0 /INPUT 8 "in"
    .port_info 1 /INPUT 3 "threshold"
    .port_info 2 /OUTPUT 1 "out"
P_0x2557600 .param/l "INPUTS" 0 3 32, +C4<00000000000000000000000000001000>;
P_0x2557640 .param/l "THRESHOLD_BITS" 0 3 33, +C4<00000000000000000000000000000011>;
v0x2557be0_0 .net "in", 7 0, L_0x256ece0;  alias, 1 drivers
v0x2557c80_0 .var "out", 0 0;
v0x2557d20_0 .net "threshold", 2 0, v0x2557f50_0;  1 drivers
E_0x2557810 .event edge, v0x2557be0_0, v0x2557d20_0;
S_0x2557890 .scope begin, "$unm_blk_16" "$unm_blk_16" 3 51, 3 51 0, S_0x2557410;
 .timescale 0 0;
P_0x2557a80 .param/l "COUNTER_BITS" 1 3 52, +C4<000000000000000000000000000000100>;
S_0x25587e0 .scope generate, "gen_blk_i1[7]" "gen_blk_i1[7]" 5 84, 5 84 0, S_0x254b3d0;
 .timescale -9 -12;
P_0x2558980 .param/l "i1" 0 5 84, +C4<0111>;
v0x255a3f0_0 .net "p", 0 0, L_0x256eda0;  1 drivers
S_0x2558a40 .scope module, "input_layer" "neuron" 5 87, 6 2 0, S_0x25587e0;
 .timescale 0 0;
    .port_info 0 /INPUT 1 "clk"
    .port_info 1 /INPUT 1 "setup"
    .port_info 2 /INPUT 1 "param_in"
    .port_info 3 /OUTPUT 1 "param_out"
    .port_info 4 /INPUT 8 "inputs"
    .port_info 5 /OUTPUT 1 "axon"
P_0x2558c10 .param/l "BIAS_BITS" 0 6 4, +C4<00000000000000000000000000000011>;
P_0x2558c50 .param/l "INPUTS" 0 6 3, +C4<00000000000000000000000000001000>;
P_0x2558c90 .param/l "USE_CHEAP_BIAS" 0 6 5, +C4<00000000000000000000000000000000>;
L_0x256ef80 .functor AND 8, v0x255a1a0_0, v0x256ab40_0, C4<11111111>, C4<11111111>;
v0x2559bb0_0 .net "axon", 0 0, v0x2559980_0;  1 drivers
v0x2559c50_0 .var "bias", 2 0;
v0x2559d20_0 .net "clk", 0 0, L_0x2572160;  alias, 1 drivers
v0x2559df0_0 .net "inputs", 7 0, v0x256ab40_0;  alias, 1 drivers
v0x2559e90_0 .net "param_in", 0 0, L_0x256eda0;  alias, 1 drivers
v0x2559f80_0 .net "param_out", 0 0, L_0x256ee90;  1 drivers
v0x255a040_0 .net "setup", 0 0, L_0x2572020;  alias, 1 drivers
v0x255a0e0_0 .net "synapses", 7 0, L_0x256ef80;  1 drivers
v0x255a1a0_0 .var "weights", 7 0;
L_0x256ee90 .part v0x2559c50_0, 2, 1;
S_0x2558f20 .scope generate, "genblk2" "genblk2" 6 74, 6 74 0, S_0x2558a40;
 .timescale 0 0;
S_0x2559110 .scope module, "spike_counter" "popcount_and_threshold" 6 77, 3 31 0, S_0x2558f20;
 .timescale 0 0;
    .port_info 0 /INPUT 8 "in"
    .port_info 1 /INPUT 3 "threshold"
    .port_info 2 /OUTPUT 1 "out"
P_0x2559300 .param/l "INPUTS" 0 3 32, +C4<00000000000000000000000000001000>;
P_0x2559340 .param/l "THRESHOLD_BITS" 0 3 33, +C4<00000000000000000000000000000011>;
v0x25598e0_0 .net "in", 7 0, L_0x256ef80;  alias, 1 drivers
v0x2559980_0 .var "out", 0 0;
v0x2559a20_0 .net "threshold", 2 0, v0x2559c50_0;  1 drivers
E_0x2559510 .event edge, v0x25598e0_0, v0x2559a20_0;
S_0x2559590 .scope begin, "$unm_blk_16" "$unm_blk_16" 3 51, 3 51 0, S_0x2559110;
 .timescale 0 0;
P_0x2559780 .param/l "COUNTER_BITS" 1 3 52, +C4<000000000000000000000000000000100>;
S_0x255a4e0 .scope generate, "gen_blk_i3[0]" "gen_blk_i3[0]" 5 106, 5 106 0, S_0x254b3d0;
 .timescale -9 -12;
P_0x25531b0 .param/l "i3" 0 5 106, +C4<00>;
S_0x255a780 .scope module, "output_layer" "neuron" 5 107, 6 2 0, S_0x255a4e0;
 .timescale 0 0;
    .port_info 0 /INPUT 1 "clk"
    .port_info 1 /INPUT 1 "setup"
    .port_info 2 /INPUT 1 "param_in"
    .port_info 3 /OUTPUT 1 "param_out"
    .port_info 4 /INPUT 8 "inputs"
    .port_info 5 /OUTPUT 1 "axon"
P_0x255a950 .param/l "BIAS_BITS" 0 6 4, +C4<00000000000000000000000000000011>;
P_0x255a990 .param/l "INPUTS" 0 6 3, +C4<00000000000000000000000000001000>;
P_0x255a9d0 .param/l "USE_CHEAP_BIAS" 0 6 5, +C4<00000000000000000000000000000000>;
L_0x7fbc79716180 .functor BUFT 1, C4<000000zz>, C4<0>, C4<0>, C4<0>;
L_0x256f610 .functor AND 8, v0x255c070_0, L_0x7fbc79716180, C4<11111111>, C4<11111111>;
v0x255b8f0_0 .net "axon", 0 0, v0x255b6c0_0;  1 drivers
v0x255b990_0 .var "bias", 2 0;
v0x255ba60_0 .net "clk", 0 0, L_0x2572160;  alias, 1 drivers
v0x255bc40_0 .net "inputs", 7 0, L_0x7fbc79716180;  1 drivers
v0x255bce0_0 .net "param_in", 0 0, L_0x256f6d0;  1 drivers
v0x255bd80_0 .net "param_out", 0 0, L_0x256f520;  1 drivers
v0x255be20_0 .net "setup", 0 0, L_0x2572020;  alias, 1 drivers
v0x255bfd0_0 .net "synapses", 7 0, L_0x256f610;  1 drivers
v0x255c070_0 .var "weights", 7 0;
L_0x256f520 .part v0x255b990_0, 2, 1;
S_0x255ac60 .scope generate, "genblk2" "genblk2" 6 74, 6 74 0, S_0x255a780;
 .timescale 0 0;
S_0x255ae50 .scope module, "spike_counter" "popcount_and_threshold" 6 77, 3 31 0, S_0x255ac60;
 .timescale 0 0;
    .port_info 0 /INPUT 8 "in"
    .port_info 1 /INPUT 3 "threshold"
    .port_info 2 /OUTPUT 1 "out"
P_0x255b040 .param/l "INPUTS" 0 3 32, +C4<00000000000000000000000000001000>;
P_0x255b080 .param/l "THRESHOLD_BITS" 0 3 33, +C4<00000000000000000000000000000011>;
v0x255b620_0 .net "in", 7 0, L_0x256f610;  alias, 1 drivers
v0x255b6c0_0 .var "out", 0 0;
v0x255b760_0 .net "threshold", 2 0, v0x255b990_0;  1 drivers
E_0x255b250 .event edge, v0x255b620_0, v0x255b760_0;
S_0x255b2d0 .scope begin, "$unm_blk_16" "$unm_blk_16" 3 51, 3 51 0, S_0x255ae50;
 .timescale 0 0;
P_0x255b4c0 .param/l "COUNTER_BITS" 1 3 52, +C4<000000000000000000000000000000100>;
S_0x255c260 .scope generate, "gen_blk_i3[1]" "gen_blk_i3[1]" 5 106, 5 106 0, S_0x254b3d0;
 .timescale -9 -12;
P_0x255c420 .param/l "i3" 0 5 106, +C4<01>;
S_0x255c4e0 .scope module, "output_layer" "neuron" 5 107, 6 2 0, S_0x255c260;
 .timescale 0 0;
    .port_info 0 /INPUT 1 "clk"
    .port_info 1 /INPUT 1 "setup"
    .port_info 2 /INPUT 1 "param_in"
    .port_info 3 /OUTPUT 1 "param_out"
    .port_info 4 /INPUT 8 "inputs"
    .port_info 5 /OUTPUT 1 "axon"
P_0x255c6b0 .param/l "BIAS_BITS" 0 6 4, +C4<00000000000000000000000000000011>;
P_0x255c6f0 .param/l "INPUTS" 0 6 3, +C4<00000000000000000000000000001000>;
P_0x255c730 .param/l "USE_CHEAP_BIAS" 0 6 5, +C4<00000000000000000000000000000000>;
L_0x7fbc797161c8 .functor BUFT 1, C4<000000zz>, C4<0>, C4<0>, C4<0>;
L_0x256f920 .functor AND 8, v0x255dc60_0, L_0x7fbc797161c8, C4<11111111>, C4<11111111>;
v0x255d650_0 .net "axon", 0 0, v0x255d420_0;  1 drivers
v0x255d6f0_0 .var "bias", 2 0;
v0x255d7c0_0 .net "clk", 0 0, L_0x2572160;  alias, 1 drivers
v0x255d890_0 .net "inputs", 7 0, L_0x7fbc797161c8;  1 drivers
v0x255d930_0 .net "param_in", 0 0, L_0x256f9e0;  1 drivers
v0x255da40_0 .net "param_out", 0 0, L_0x256f880;  1 drivers
v0x255db00_0 .net "setup", 0 0, L_0x2572020;  alias, 1 drivers
v0x255dba0_0 .net "synapses", 7 0, L_0x256f920;  1 drivers
v0x255dc60_0 .var "weights", 7 0;
L_0x256f880 .part v0x255d6f0_0, 2, 1;
S_0x255c9c0 .scope generate, "genblk2" "genblk2" 6 74, 6 74 0, S_0x255c4e0;
 .timescale 0 0;
S_0x255cbb0 .scope module, "spike_counter" "popcount_and_threshold" 6 77, 3 31 0, S_0x255c9c0;
 .timescale 0 0;
    .port_info 0 /INPUT 8 "in"
    .port_info 1 /INPUT 3 "threshold"
    .port_info 2 /OUTPUT 1 "out"
P_0x255cda0 .param/l "INPUTS" 0 3 32, +C4<00000000000000000000000000001000>;
P_0x255cde0 .param/l "THRESHOLD_BITS" 0 3 33, +C4<00000000000000000000000000000011>;
v0x255d380_0 .net "in", 7 0, L_0x256f920;  alias, 1 drivers
v0x255d420_0 .var "out", 0 0;
v0x255d4c0_0 .net "threshold", 2 0, v0x255d6f0_0;  1 drivers
E_0x255cfb0 .event edge, v0x255d380_0, v0x255d4c0_0;
S_0x255d030 .scope begin, "$unm_blk_16" "$unm_blk_16" 3 51, 3 51 0, S_0x255cbb0;
 .timescale 0 0;
P_0x255d220 .param/l "COUNTER_BITS" 1 3 52, +C4<000000000000000000000000000000100>;
S_0x255deb0 .scope generate, "gen_blk_i3[2]" "gen_blk_i3[2]" 5 106, 5 106 0, S_0x254b3d0;
 .timescale -9 -12;
P_0x255e070 .param/l "i3" 0 5 106, +C4<010>;
S_0x255e130 .scope module, "output_layer" "neuron" 5 107, 6 2 0, S_0x255deb0;
 .timescale 0 0;
    .port_info 0 /INPUT 1 "clk"
    .port_info 1 /INPUT 1 "setup"
    .port_info 2 /INPUT 1 "param_in"
    .port_info 3 /OUTPUT 1 "param_out"
    .port_info 4 /INPUT 8 "inputs"
    .port_info 5 /OUTPUT 1 "axon"
P_0x255e300 .param/l "BIAS_BITS" 0 6 4, +C4<00000000000000000000000000000011>;
P_0x255e340 .param/l "INPUTS" 0 6 3, +C4<00000000000000000000000000001000>;
P_0x255e380 .param/l "USE_CHEAP_BIAS" 0 6 5, +C4<00000000000000000000000000000000>;
L_0x7fbc79716210 .functor BUFT 1, C4<000000zz>, C4<0>, C4<0>, C4<0>;
L_0x256fb80 .functor AND 8, v0x255f8b0_0, L_0x7fbc79716210, C4<11111111>, C4<11111111>;
v0x255f2a0_0 .net "axon", 0 0, v0x255f070_0;  1 drivers
v0x255f340_0 .var "bias", 2 0;
v0x255f410_0 .net "clk", 0 0, L_0x2572160;  alias, 1 drivers
v0x255f4e0_0 .net "inputs", 7 0, L_0x7fbc79716210;  1 drivers
v0x255f580_0 .net "param_in", 0 0, L_0x256fc40;  1 drivers
v0x255f690_0 .net "param_out", 0 0, L_0x256fae0;  1 drivers
v0x255f750_0 .net "setup", 0 0, L_0x2572020;  alias, 1 drivers
v0x255f7f0_0 .net "synapses", 7 0, L_0x256fb80;  1 drivers
v0x255f8b0_0 .var "weights", 7 0;
L_0x256fae0 .part v0x255f340_0, 2, 1;
S_0x255e610 .scope generate, "genblk2" "genblk2" 6 74, 6 74 0, S_0x255e130;
 .timescale 0 0;
S_0x255e800 .scope module, "spike_counter" "popcount_and_threshold" 6 77, 3 31 0, S_0x255e610;
 .timescale 0 0;
    .port_info 0 /INPUT 8 "in"
    .port_info 1 /INPUT 3 "threshold"
    .port_info 2 /OUTPUT 1 "out"
P_0x255e9f0 .param/l "INPUTS" 0 3 32, +C4<00000000000000000000000000001000>;
P_0x255ea30 .param/l "THRESHOLD_BITS" 0 3 33, +C4<00000000000000000000000000000011>;
v0x255efd0_0 .net "in", 7 0, L_0x256fb80;  alias, 1 drivers
v0x255f070_0 .var "out", 0 0;
v0x255f110_0 .net "threshold", 2 0, v0x255f340_0;  1 drivers
E_0x255ec00 .event edge, v0x255efd0_0, v0x255f110_0;
S_0x255ec80 .scope begin, "$unm_blk_16" "$unm_blk_16" 3 51, 3 51 0, S_0x255e800;
 .timescale 0 0;
P_0x255ee70 .param/l "COUNTER_BITS" 1 3 52, +C4<000000000000000000000000000000100>;
S_0x255fb00 .scope generate, "gen_blk_i3[3]" "gen_blk_i3[3]" 5 106, 5 106 0, S_0x254b3d0;
 .timescale -9 -12;
P_0x255fcc0 .param/l "i3" 0 5 106, +C4<011>;
S_0x255fd80 .scope module, "output_layer" "neuron" 5 107, 6 2 0, S_0x255fb00;
 .timescale 0 0;
    .port_info 0 /INPUT 1 "clk"
    .port_info 1 /INPUT 1 "setup"
    .port_info 2 /INPUT 1 "param_in"
    .port_info 3 /OUTPUT 1 "param_out"
    .port_info 4 /INPUT 8 "inputs"
    .port_info 5 /OUTPUT 1 "axon"
P_0x255ff50 .param/l "BIAS_BITS" 0 6 4, +C4<00000000000000000000000000000011>;
P_0x255ff90 .param/l "INPUTS" 0 6 3, +C4<00000000000000000000000000001000>;
P_0x255ffd0 .param/l "USE_CHEAP_BIAS" 0 6 5, +C4<00000000000000000000000000000000>;
L_0x7fbc79716258 .functor BUFT 1, C4<000000zz>, C4<0>, C4<0>, C4<0>;
L_0x256fdd0 .functor AND 8, v0x2561500_0, L_0x7fbc79716258, C4<11111111>, C4<11111111>;
v0x2560ef0_0 .net "axon", 0 0, v0x2560cc0_0;  1 drivers
v0x2560f90_0 .var "bias", 2 0;
v0x2561060_0 .net "clk", 0 0, L_0x2572160;  alias, 1 drivers
v0x2561130_0 .net "inputs", 7 0, L_0x7fbc79716258;  1 drivers
v0x25611d0_0 .net "param_in", 0 0, L_0x256fe90;  1 drivers
v0x25612e0_0 .net "param_out", 0 0, L_0x256fce0;  1 drivers
v0x25613a0_0 .net "setup", 0 0, L_0x2572020;  alias, 1 drivers
v0x2561440_0 .net "synapses", 7 0, L_0x256fdd0;  1 drivers
v0x2561500_0 .var "weights", 7 0;
L_0x256fce0 .part v0x2560f90_0, 2, 1;
S_0x2560260 .scope generate, "genblk2" "genblk2" 6 74, 6 74 0, S_0x255fd80;
 .timescale 0 0;
S_0x2560450 .scope module, "spike_counter" "popcount_and_threshold" 6 77, 3 31 0, S_0x2560260;
 .timescale 0 0;
    .port_info 0 /INPUT 8 "in"
    .port_info 1 /INPUT 3 "threshold"
    .port_info 2 /OUTPUT 1 "out"
P_0x2560640 .param/l "INPUTS" 0 3 32, +C4<00000000000000000000000000001000>;
P_0x2560680 .param/l "THRESHOLD_BITS" 0 3 33, +C4<00000000000000000000000000000011>;
v0x2560c20_0 .net "in", 7 0, L_0x256fdd0;  alias, 1 drivers
v0x2560cc0_0 .var "out", 0 0;
v0x2560d60_0 .net "threshold", 2 0, v0x2560f90_0;  1 drivers
E_0x2560850 .event edge, v0x2560c20_0, v0x2560d60_0;
S_0x25608d0 .scope begin, "$unm_blk_16" "$unm_blk_16" 3 51, 3 51 0, S_0x2560450;
 .timescale 0 0;
P_0x2560ac0 .param/l "COUNTER_BITS" 1 3 52, +C4<000000000000000000000000000000100>;
S_0x2561750 .scope generate, "gen_blk_i3[4]" "gen_blk_i3[4]" 5 106, 5 106 0, S_0x254b3d0;
 .timescale -9 -12;
P_0x2561910 .param/l "i3" 0 5 106, +C4<0100>;
S_0x25619d0 .scope module, "output_layer" "neuron" 5 107, 6 2 0, S_0x2561750;
 .timescale 0 0;
    .port_info 0 /INPUT 1 "clk"
    .port_info 1 /INPUT 1 "setup"
    .port_info 2 /INPUT 1 "param_in"
    .port_info 3 /OUTPUT 1 "param_out"
    .port_info 4 /INPUT 8 "inputs"
    .port_info 5 /OUTPUT 1 "axon"
P_0x2561ba0 .param/l "BIAS_BITS" 0 6 4, +C4<00000000000000000000000000000011>;
P_0x2561be0 .param/l "INPUTS" 0 6 3, +C4<00000000000000000000000000001000>;
P_0x2561c20 .param/l "USE_CHEAP_BIAS" 0 6 5, +C4<00000000000000000000000000000000>;
L_0x7fbc797162a0 .functor BUFT 1, C4<000000zz>, C4<0>, C4<0>, C4<0>;
L_0x2570090 .functor AND 8, v0x2563140_0, L_0x7fbc797162a0, C4<11111111>, C4<11111111>;
v0x2562b30_0 .net "axon", 0 0, v0x2562900_0;  1 drivers
v0x2562bd0_0 .var "bias", 2 0;
v0x2562ca0_0 .net "clk", 0 0, L_0x2572160;  alias, 1 drivers
v0x2562d70_0 .net "inputs", 7 0, L_0x7fbc797162a0;  1 drivers
v0x2562e10_0 .net "param_in", 0 0, L_0x2570150;  1 drivers
v0x2562f20_0 .net "param_out", 0 0, L_0x256ffa0;  1 drivers
v0x2562fe0_0 .net "setup", 0 0, L_0x2572020;  alias, 1 drivers
v0x2563080_0 .net "synapses", 7 0, L_0x2570090;  1 drivers
v0x2563140_0 .var "weights", 7 0;
L_0x256ffa0 .part v0x2562bd0_0, 2, 1;
S_0x2561f30 .scope generate, "genblk2" "genblk2" 6 74, 6 74 0, S_0x25619d0;
 .timescale 0 0;
S_0x25620b0 .scope module, "spike_counter" "popcount_and_threshold" 6 77, 3 31 0, S_0x2561f30;
 .timescale 0 0;
    .port_info 0 /INPUT 8 "in"
    .port_info 1 /INPUT 3 "threshold"
    .port_info 2 /OUTPUT 1 "out"
P_0x2562280 .param/l "INPUTS" 0 3 32, +C4<00000000000000000000000000001000>;
P_0x25622c0 .param/l "THRESHOLD_BITS" 0 3 33, +C4<00000000000000000000000000000011>;
v0x2562860_0 .net "in", 7 0, L_0x2570090;  alias, 1 drivers
v0x2562900_0 .var "out", 0 0;
v0x25629a0_0 .net "threshold", 2 0, v0x2562bd0_0;  1 drivers
E_0x2562490 .event edge, v0x2562860_0, v0x25629a0_0;
S_0x2562510 .scope begin, "$unm_blk_16" "$unm_blk_16" 3 51, 3 51 0, S_0x25620b0;
 .timescale 0 0;
P_0x2562700 .param/l "COUNTER_BITS" 1 3 52, +C4<000000000000000000000000000000100>;
S_0x2563390 .scope generate, "gen_blk_i3[5]" "gen_blk_i3[5]" 5 106, 5 106 0, S_0x254b3d0;
 .timescale -9 -12;
P_0x2563550 .param/l "i3" 0 5 106, +C4<0101>;
S_0x2563610 .scope module, "output_layer" "neuron" 5 107, 6 2 0, S_0x2563390;
 .timescale 0 0;
    .port_info 0 /INPUT 1 "clk"
    .port_info 1 /INPUT 1 "setup"
    .port_info 2 /INPUT 1 "param_in"
    .port_info 3 /OUTPUT 1 "param_out"
    .port_info 4 /INPUT 8 "inputs"
    .port_info 5 /OUTPUT 1 "axon"
P_0x25637e0 .param/l "BIAS_BITS" 0 6 4, +C4<00000000000000000000000000000011>;
P_0x2563820 .param/l "INPUTS" 0 6 3, +C4<00000000000000000000000000001000>;
P_0x2563860 .param/l "USE_CHEAP_BIAS" 0 6 5, +C4<00000000000000000000000000000000>;
L_0x7fbc797162e8 .functor BUFT 1, C4<000000zz>, C4<0>, C4<0>, C4<0>;
L_0x25702e0 .functor AND 8, v0x2564d80_0, L_0x7fbc797162e8, C4<11111111>, C4<11111111>;
v0x2564770_0 .net "axon", 0 0, v0x2564540_0;  1 drivers
v0x2564810_0 .var "bias", 2 0;
v0x25648e0_0 .net "clk", 0 0, L_0x2572160;  alias, 1 drivers
v0x25649b0_0 .net "inputs", 7 0, L_0x7fbc797162e8;  1 drivers
v0x2564a50_0 .net "param_in", 0 0, L_0x25703a0;  1 drivers
v0x2564b60_0 .net "param_out", 0 0, L_0x25701f0;  1 drivers
v0x2564c20_0 .net "setup", 0 0, L_0x2572020;  alias, 1 drivers
v0x2564cc0_0 .net "synapses", 7 0, L_0x25702e0;  1 drivers
v0x2564d80_0 .var "weights", 7 0;
L_0x25701f0 .part v0x2564810_0, 2, 1;
S_0x2563b70 .scope generate, "genblk2" "genblk2" 6 74, 6 74 0, S_0x2563610;
 .timescale 0 0;
S_0x2563cf0 .scope module, "spike_counter" "popcount_and_threshold" 6 77, 3 31 0, S_0x2563b70;
 .timescale 0 0;
    .port_info 0 /INPUT 8 "in"
    .port_info 1 /INPUT 3 "threshold"
    .port_info 2 /OUTPUT 1 "out"
P_0x2563ec0 .param/l "INPUTS" 0 3 32, +C4<00000000000000000000000000001000>;
P_0x2563f00 .param/l "THRESHOLD_BITS" 0 3 33, +C4<00000000000000000000000000000011>;
v0x25644a0_0 .net "in", 7 0, L_0x25702e0;  alias, 1 drivers
v0x2564540_0 .var "out", 0 0;
v0x25645e0_0 .net "threshold", 2 0, v0x2564810_0;  1 drivers
E_0x25640d0 .event edge, v0x25644a0_0, v0x25645e0_0;
S_0x2564150 .scope begin, "$unm_blk_16" "$unm_blk_16" 3 51, 3 51 0, S_0x2563cf0;
 .timescale 0 0;
P_0x2564340 .param/l "COUNTER_BITS" 1 3 52, +C4<000000000000000000000000000000100>;
S_0x2564fd0 .scope generate, "gen_blk_i3[6]" "gen_blk_i3[6]" 5 106, 5 106 0, S_0x254b3d0;
 .timescale -9 -12;
P_0x2565190 .param/l "i3" 0 5 106, +C4<0110>;
S_0x2565250 .scope module, "output_layer" "neuron" 5 107, 6 2 0, S_0x2564fd0;
 .timescale 0 0;
    .port_info 0 /INPUT 1 "clk"
    .port_info 1 /INPUT 1 "setup"
    .port_info 2 /INPUT 1 "param_in"
    .port_info 3 /OUTPUT 1 "param_out"
    .port_info 4 /INPUT 8 "inputs"
    .port_info 5 /OUTPUT 1 "axon"
P_0x2565420 .param/l "BIAS_BITS" 0 6 4, +C4<00000000000000000000000000000011>;
P_0x2565460 .param/l "INPUTS" 0 6 3, +C4<00000000000000000000000000001000>;
P_0x25654a0 .param/l "USE_CHEAP_BIAS" 0 6 5, +C4<00000000000000000000000000000000>;
L_0x7fbc79716330 .functor BUFT 1, C4<000000zz>, C4<0>, C4<0>, C4<0>;
L_0x256ff30 .functor AND 8, v0x25669c0_0, L_0x7fbc79716330, C4<11111111>, C4<11111111>;
v0x25663b0_0 .net "axon", 0 0, v0x2566180_0;  1 drivers
v0x2566450_0 .var "bias", 2 0;
v0x2566520_0 .net "clk", 0 0, L_0x2572160;  alias, 1 drivers
v0x25665f0_0 .net "inputs", 7 0, L_0x7fbc79716330;  1 drivers
v0x2566690_0 .net "param_in", 0 0, L_0x2570600;  1 drivers
v0x25667a0_0 .net "param_out", 0 0, L_0x25704c0;  1 drivers
v0x2566860_0 .net "setup", 0 0, L_0x2572020;  alias, 1 drivers
v0x2566900_0 .net "synapses", 7 0, L_0x256ff30;  1 drivers
v0x25669c0_0 .var "weights", 7 0;
L_0x25704c0 .part v0x2566450_0, 2, 1;
S_0x25657b0 .scope generate, "genblk2" "genblk2" 6 74, 6 74 0, S_0x2565250;
 .timescale 0 0;
S_0x2565930 .scope module, "spike_counter" "popcount_and_threshold" 6 77, 3 31 0, S_0x25657b0;
 .timescale 0 0;
    .port_info 0 /INPUT 8 "in"
    .port_info 1 /INPUT 3 "threshold"
    .port_info 2 /OUTPUT 1 "out"
P_0x2565b00 .param/l "INPUTS" 0 3 32, +C4<00000000000000000000000000001000>;
P_0x2565b40 .param/l "THRESHOLD_BITS" 0 3 33, +C4<00000000000000000000000000000011>;
v0x25660e0_0 .net "in", 7 0, L_0x256ff30;  alias, 1 drivers
v0x2566180_0 .var "out", 0 0;
v0x2566220_0 .net "threshold", 2 0, v0x2566450_0;  1 drivers
E_0x2565d10 .event edge, v0x25660e0_0, v0x2566220_0;
S_0x2565d90 .scope begin, "$unm_blk_16" "$unm_blk_16" 3 51, 3 51 0, S_0x2565930;
 .timescale 0 0;
P_0x2565f80 .param/l "COUNTER_BITS" 1 3 52, +C4<000000000000000000000000000000100>;
S_0x2566c10 .scope generate, "gen_blk_i3[7]" "gen_blk_i3[7]" 5 106, 5 106 0, S_0x254b3d0;
 .timescale -9 -12;
P_0x2566dd0 .param/l "i3" 0 5 106, +C4<0111>;
S_0x2566e90 .scope module, "output_layer" "neuron" 5 107, 6 2 0, S_0x2566c10;
 .timescale 0 0;
    .port_info 0 /INPUT 1 "clk"
    .port_info 1 /INPUT 1 "setup"
    .port_info 2 /INPUT 1 "param_in"
    .port_info 3 /OUTPUT 1 "param_out"
    .port_info 4 /INPUT 8 "inputs"
    .port_info 5 /OUTPUT 1 "axon"
P_0x2567060 .param/l "BIAS_BITS" 0 6 4, +C4<00000000000000000000000000000011>;
P_0x25670a0 .param/l "INPUTS" 0 6 3, +C4<00000000000000000000000000001000>;
P_0x25670e0 .param/l "USE_CHEAP_BIAS" 0 6 5, +C4<00000000000000000000000000000000>;
L_0x7fbc79716378 .functor BUFT 1, C4<000000zz>, C4<0>, C4<0>, C4<0>;
L_0x2570790 .functor AND 8, v0x2568600_0, L_0x7fbc79716378, C4<11111111>, C4<11111111>;
v0x2567ff0_0 .net "axon", 0 0, v0x2567dc0_0;  1 drivers
v0x2568090_0 .var "bias", 2 0;
v0x2568160_0 .net "clk", 0 0, L_0x2572160;  alias, 1 drivers
v0x2568230_0 .net "inputs", 7 0, L_0x7fbc79716378;  1 drivers
v0x25682d0_0 .net "param_in", 0 0, L_0x2570850;  1 drivers
v0x25683e0_0 .net "param_out", 0 0, L_0x25706a0;  1 drivers
v0x25684a0_0 .net "setup", 0 0, L_0x2572020;  alias, 1 drivers
v0x2568540_0 .net "synapses", 7 0, L_0x2570790;  1 drivers
v0x2568600_0 .var "weights", 7 0;
L_0x25706a0 .part v0x2568090_0, 2, 1;
S_0x25673f0 .scope generate, "genblk2" "genblk2" 6 74, 6 74 0, S_0x2566e90;
 .timescale 0 0;
S_0x2567570 .scope module, "spike_counter" "popcount_and_threshold" 6 77, 3 31 0, S_0x25673f0;
 .timescale 0 0;
    .port_info 0 /INPUT 8 "in"
    .port_info 1 /INPUT 3 "threshold"
    .port_info 2 /OUTPUT 1 "out"
P_0x2567740 .param/l "INPUTS" 0 3 32, +C4<00000000000000000000000000001000>;
P_0x2567780 .param/l "THRESHOLD_BITS" 0 3 33, +C4<00000000000000000000000000000011>;
v0x2567d20_0 .net "in", 7 0, L_0x2570790;  alias, 1 drivers
v0x2567dc0_0 .var "out", 0 0;
v0x2567e60_0 .net "threshold", 2 0, v0x2568090_0;  1 drivers
E_0x2567950 .event edge, v0x2567d20_0, v0x2567e60_0;
S_0x25679d0 .scope begin, "$unm_blk_16" "$unm_blk_16" 3 51, 3 51 0, S_0x2567570;
 .timescale 0 0;
P_0x2567bc0 .param/l "COUNTER_BITS" 1 3 52, +C4<000000000000000000000000000000100>;
S_0x2568850 .scope generate, "gen_blk_i4[0]" "gen_blk_i4[0]" 5 120, 5 120 0, S_0x254b3d0;
 .timescale -9 -12;
P_0x255a680 .param/l "i4" 0 5 120, +C4<00>;
v0x2568b70_0 .net *"_s0", 0 0, L_0x2571440;  1 drivers
S_0x2568c30 .scope generate, "gen_blk_i4[1]" "gen_blk_i4[1]" 5 120, 5 120 0, S_0x254b3d0;
 .timescale -9 -12;
P_0x2568e40 .param/l "i4" 0 5 120, +C4<01>;
v0x2568f00_0 .net *"_s0", 0 0, L_0x25714e0;  1 drivers
S_0x2568fe0 .scope generate, "gen_blk_i4[2]" "gen_blk_i4[2]" 5 120, 5 120 0, S_0x254b3d0;
 .timescale -9 -12;
P_0x25691f0 .param/l "i4" 0 5 120, +C4<010>;
v0x25692b0_0 .net *"_s0", 0 0, L_0x25713a0;  1 drivers
S_0x2569390 .scope generate, "gen_blk_i4[3]" "gen_blk_i4[3]" 5 120, 5 120 0, S_0x254b3d0;
 .timescale -9 -12;
P_0x25695a0 .param/l "i4" 0 5 120, +C4<011>;
v0x2569660_0 .net *"_s0", 0 0, L_0x25716c0;  1 drivers
S_0x2569740 .scope generate, "gen_blk_i4[4]" "gen_blk_i4[4]" 5 120, 5 120 0, S_0x254b3d0;
 .timescale -9 -12;
P_0x2569950 .param/l "i4" 0 5 120, +C4<0100>;
v0x2569a10_0 .net *"_s0", 0 0, L_0x2571580;  1 drivers
S_0x2569af0 .scope generate, "gen_blk_i4[5]" "gen_blk_i4[5]" 5 120, 5 120 0, S_0x254b3d0;
 .timescale -9 -12;
P_0x2569d00 .param/l "i4" 0 5 120, +C4<0101>;
v0x2569dc0_0 .net *"_s0", 0 0, L_0x2571820;  1 drivers
S_0x2569ea0 .scope generate, "gen_blk_i4[6]" "gen_blk_i4[6]" 5 120, 5 120 0, S_0x254b3d0;
 .timescale -9 -12;
P_0x256a0b0 .param/l "i4" 0 5 120, +C4<0110>;
v0x256a170_0 .net *"_s0", 0 0, L_0x2571760;  1 drivers
S_0x256a250 .scope generate, "gen_blk_i4[7]" "gen_blk_i4[7]" 5 120, 5 120 0, S_0x254b3d0;
 .timescale -9 -12;
P_0x256a460 .param/l "i4" 0 5 120, +C4<0111>;
v0x256a520_0 .net *"_s0", 0 0, L_0x25718c0;  1 drivers
S_0x253d430 .scope module, "xor_cell" "xor_cell" 2 34;
 .timescale 0 0;
    .port_info 0 /INPUT 1 "a"
    .port_info 1 /INPUT 1 "b"
    .port_info 2 /OUTPUT 1 "out"
o0x7fbc797633f8 .functor BUFZ 1, C4<z>; HiZ drive
o0x7fbc79763428 .functor BUFZ 1, C4<z>; HiZ drive
L_0x25829e0 .functor XOR 1, o0x7fbc797633f8, o0x7fbc79763428, C4<0>, C4<0>;
v0x256c900_0 .net "a", 0 0, o0x7fbc797633f8;  0 drivers
v0x256c9e0_0 .net "b", 0 0, o0x7fbc79763428;  0 drivers
v0x256caa0_0 .net "out", 0 0, L_0x25829e0;  1 drivers
    .scope S_0x2530640;
T_0 ;
    %wait E_0x2549ae0;
    %load/vec4 v0x2549c20_0;
    %assign/vec4 v0x2549db0_0, 0;
    %jmp T_0;
    .thread T_0;
    .scope S_0x24fa3a0;
T_1 ;
    %wait E_0x2549f20;
    %load/vec4 v0x254a2a0_0;
    %flag_set/vec4 8;
    %jmp/0xz  T_1.0, 8;
    %pushi/vec4 0, 0, 1;
    %assign/vec4 v0x254a1e0_0, 0;
    %jmp T_1.1;
T_1.0 ;
    %load/vec4 v0x254a3b0_0;
    %flag_set/vec4 8;
    %jmp/0xz  T_1.2, 8;
    %pushi/vec4 1, 0, 1;
    %assign/vec4 v0x254a1e0_0, 0;
    %jmp T_1.3;
T_1.2 ;
    %load/vec4 v0x254a080_0;
    %assign/vec4 v0x254a1e0_0, 0;
T_1.3 ;
T_1.1 ;
    %jmp T_1;
    .thread T_1;
    .scope S_0x2524230;
T_2 ;
    %wait E_0x253ee20;
    %load/vec4 v0x254b290_0;
    %parti/s 1, 7, 4;
    %pad/u 4;
    %load/vec4 v0x254b290_0;
    %parti/s 1, 6, 4;
    %pad/u 4;
    %add;
    %load/vec4 v0x254b290_0;
    %parti/s 1, 5, 4;
    %pad/u 4;
    %add;
    %load/vec4 v0x254b290_0;
    %parti/s 1, 4, 4;
    %pad/u 4;
    %add;
    %load/vec4 v0x254b290_0;
    %parti/s 1, 3, 3;
    %pad/u 4;
    %add;
    %load/vec4 v0x254b290_0;
    %parti/s 1, 2, 3;
    %pad/u 4;
    %add;
    %load/vec4 v0x254b290_0;
    %parti/s 1, 1, 2;
    %pad/u 4;
    %add;
    %load/vec4 v0x254b290_0;
    %parti/s 1, 0, 2;
    %pad/u 4;
    %add;
    %store/vec4 v0x254b190_0, 0, 4;
    %jmp T_2;
    .thread T_2, $push;
    .scope S_0x254c470;
T_3 ;
    %wait E_0x254c870;
    %load/vec4 v0x254cd80_0;
    %load/vec4 v0x254cc40_0;
    %parti/s 1, 7, 4;
    %pad/u 3;
    %load/vec4 v0x254cc40_0;
    %parti/s 1, 6, 4;
    %pad/u 3;
    %add;
    %load/vec4 v0x254cc40_0;
    %parti/s 1, 5, 4;
    %pad/u 3;
    %add;
    %load/vec4 v0x254cc40_0;
    %parti/s 1, 4, 4;
    %pad/u 3;
    %add;
    %load/vec4 v0x254cc40_0;
    %parti/s 1, 3, 3;
    %pad/u 3;
    %add;
    %load/vec4 v0x254cc40_0;
    %parti/s 1, 2, 3;
    %pad/u 3;
    %add;
    %load/vec4 v0x254cc40_0;
    %parti/s 1, 1, 2;
    %pad/u 3;
    %add;
    %load/vec4 v0x254cc40_0;
    %parti/s 1, 0, 2;
    %pad/u 3;
    %add;
    %cmp/u;
    %flag_get/vec4 5;
    %store/vec4 v0x254cce0_0, 0, 1;
    %jmp T_3;
    .thread T_3, $push;
    .scope S_0x254bce0;
T_4 ;
    %wait E_0x254c120;
    %load/vec4 v0x254d3e0_0;
    %flag_set/vec4 8;
    %jmp/0xz  T_4.0, 8;
    %load/vec4 v0x254cfb0_0;
    %ix/load 4, 1, 0;
    %flag_set/imm 4, 0;
    %shiftl 4;
    %assign/vec4 v0x254cfb0_0, 0;
    %load/vec4 v0x254d560_0;
    %parti/s 1, 7, 4;
    %ix/load 4, 0, 0;
    %ix/load 5, 0, 0;
    %flag_set/imm 4, 0;
    %assign/vec4/off/d v0x254cfb0_0, 4, 5;
    %load/vec4 v0x254d560_0;
    %ix/load 4, 1, 0;
    %flag_set/imm 4, 0;
    %shiftl 4;
    %assign/vec4 v0x254d560_0, 0;
    %load/vec4 v0x254d210_0;
    %ix/load 4, 0, 0;
    %ix/load 5, 0, 0;
    %flag_set/imm 4, 0;
    %assign/vec4/off/d v0x254d560_0, 4, 5;
T_4.0 ;
    %jmp T_4;
    .thread T_4;
    .scope S_0x254e1e0;
T_5 ;
    %wait E_0x254e5c0;
    %load/vec4 v0x254ead0_0;
    %load/vec4 v0x254e990_0;
    %parti/s 1, 7, 4;
    %pad/u 3;
    %load/vec4 v0x254e990_0;
    %parti/s 1, 6, 4;
    %pad/u 3;
    %add;
    %load/vec4 v0x254e990_0;
    %parti/s 1, 5, 4;
    %pad/u 3;
    %add;
    %load/vec4 v0x254e990_0;
    %parti/s 1, 4, 4;
    %pad/u 3;
    %add;
    %load/vec4 v0x254e990_0;
    %parti/s 1, 3, 3;
    %pad/u 3;
    %add;
    %load/vec4 v0x254e990_0;
    %parti/s 1, 2, 3;
    %pad/u 3;
    %add;
    %load/vec4 v0x254e990_0;
    %parti/s 1, 1, 2;
    %pad/u 3;
    %add;
    %load/vec4 v0x254e990_0;
    %parti/s 1, 0, 2;
    %pad/u 3;
    %add;
    %cmp/u;
    %flag_get/vec4 5;
    %store/vec4 v0x254ea30_0, 0, 1;
    %jmp T_5;
    .thread T_5, $push;
    .scope S_0x254db00;
T_6 ;
    %wait E_0x254c120;
    %load/vec4 v0x254f130_0;
    %flag_set/vec4 8;
    %jmp/0xz  T_6.0, 8;
    %load/vec4 v0x254ed00_0;
    %ix/load 4, 1, 0;
    %flag_set/imm 4, 0;
    %shiftl 4;
    %assign/vec4 v0x254ed00_0, 0;
    %load/vec4 v0x254f2a0_0;
    %parti/s 1, 7, 4;
    %ix/load 4, 0, 0;
    %ix/load 5, 0, 0;
    %flag_set/imm 4, 0;
    %assign/vec4/off/d v0x254ed00_0, 4, 5;
    %load/vec4 v0x254f2a0_0;
    %ix/load 4, 1, 0;
    %flag_set/imm 4, 0;
    %shiftl 4;
    %assign/vec4 v0x254f2a0_0, 0;
    %load/vec4 v0x254efa0_0;
    %ix/load 4, 0, 0;
    %ix/load 5, 0, 0;
    %flag_set/imm 4, 0;
    %assign/vec4/off/d v0x254f2a0_0, 4, 5;
T_6.0 ;
    %jmp T_6;
    .thread T_6;
    .scope S_0x254ff10;
T_7 ;
    %wait E_0x25502f0;
    %load/vec4 v0x2550800_0;
    %load/vec4 v0x25506c0_0;
    %parti/s 1, 7, 4;
    %pad/u 3;
    %load/vec4 v0x25506c0_0;
    %parti/s 1, 6, 4;
    %pad/u 3;
    %add;
    %load/vec4 v0x25506c0_0;
    %parti/s 1, 5, 4;
    %pad/u 3;
    %add;
    %load/vec4 v0x25506c0_0;
    %parti/s 1, 4, 4;
    %pad/u 3;
    %add;
    %load/vec4 v0x25506c0_0;
    %parti/s 1, 3, 3;
    %pad/u 3;
    %add;
    %load/vec4 v0x25506c0_0;
    %parti/s 1, 2, 3;
    %pad/u 3;
    %add;
    %load/vec4 v0x25506c0_0;
    %parti/s 1, 1, 2;
    %pad/u 3;
    %add;
    %load/vec4 v0x25506c0_0;
    %parti/s 1, 0, 2;
    %pad/u 3;
    %add;
    %cmp/u;
    %flag_get/vec4 5;
    %store/vec4 v0x2550760_0, 0, 1;
    %jmp T_7;
    .thread T_7, $push;
    .scope S_0x254f830;
T_8 ;
    %wait E_0x254c120;
    %load/vec4 v0x2550ec0_0;
    %flag_set/vec4 8;
    %jmp/0xz  T_8.0, 8;
    %load/vec4 v0x2550a30_0;
    %ix/load 4, 1, 0;
    %flag_set/imm 4, 0;
    %shiftl 4;
    %assign/vec4 v0x2550a30_0, 0;
    %load/vec4 v0x2551070_0;
    %parti/s 1, 7, 4;
    %ix/load 4, 0, 0;
    %ix/load 5, 0, 0;
    %flag_set/imm 4, 0;
    %assign/vec4/off/d v0x2550a30_0, 4, 5;
    %load/vec4 v0x2551070_0;
    %ix/load 4, 1, 0;
    %flag_set/imm 4, 0;
    %shiftl 4;
    %assign/vec4 v0x2551070_0, 0;
    %load/vec4 v0x2550d10_0;
    %ix/load 4, 0, 0;
    %ix/load 5, 0, 0;
    %flag_set/imm 4, 0;
    %assign/vec4/off/d v0x2551070_0, 4, 5;
T_8.0 ;
    %jmp T_8;
    .thread T_8;
    .scope S_0x2551c40;
T_9 ;
    %wait E_0x2552040;
    %load/vec4 v0x2552550_0;
    %load/vec4 v0x2552410_0;
    %parti/s 1, 7, 4;
    %pad/u 3;
    %load/vec4 v0x2552410_0;
    %parti/s 1, 6, 4;
    %pad/u 3;
    %add;
    %load/vec4 v0x2552410_0;
    %parti/s 1, 5, 4;
    %pad/u 3;
    %add;
    %load/vec4 v0x2552410_0;
    %parti/s 1, 4, 4;
    %pad/u 3;
    %add;
    %load/vec4 v0x2552410_0;
    %parti/s 1, 3, 3;
    %pad/u 3;
    %add;
    %load/vec4 v0x2552410_0;
    %parti/s 1, 2, 3;
    %pad/u 3;
    %add;
    %load/vec4 v0x2552410_0;
    %parti/s 1, 1, 2;
    %pad/u 3;
    %add;
    %load/vec4 v0x2552410_0;
    %parti/s 1, 0, 2;
    %pad/u 3;
    %add;
    %cmp/u;
    %flag_get/vec4 5;
    %store/vec4 v0x25524b0_0, 0, 1;
    %jmp T_9;
    .thread T_9, $push;
    .scope S_0x25515e0;
T_10 ;
    %wait E_0x254c120;
    %load/vec4 v0x2552b70_0;
    %flag_set/vec4 8;
    %jmp/0xz  T_10.0, 8;
    %load/vec4 v0x2552780_0;
    %ix/load 4, 1, 0;
    %flag_set/imm 4, 0;
    %shiftl 4;
    %assign/vec4 v0x2552780_0, 0;
    %load/vec4 v0x2552cd0_0;
    %parti/s 1, 7, 4;
    %ix/load 4, 0, 0;
    %ix/load 5, 0, 0;
    %flag_set/imm 4, 0;
    %assign/vec4/off/d v0x2552780_0, 4, 5;
    %load/vec4 v0x2552cd0_0;
    %ix/load 4, 1, 0;
    %flag_set/imm 4, 0;
    %shiftl 4;
    %assign/vec4 v0x2552cd0_0, 0;
    %load/vec4 v0x25529c0_0;
    %ix/load 4, 0, 0;
    %ix/load 5, 0, 0;
    %flag_set/imm 4, 0;
    %assign/vec4/off/d v0x2552cd0_0, 4, 5;
T_10.0 ;
    %jmp T_10;
    .thread T_10;
    .scope S_0x2553950;
T_11 ;
    %wait E_0x2553d50;
    %load/vec4 v0x2554260_0;
    %load/vec4 v0x2554120_0;
    %parti/s 1, 7, 4;
    %pad/u 3;
    %load/vec4 v0x2554120_0;
    %parti/s 1, 6, 4;
    %pad/u 3;
    %add;
    %load/vec4 v0x2554120_0;
    %parti/s 1, 5, 4;
    %pad/u 3;
    %add;
    %load/vec4 v0x2554120_0;
    %parti/s 1, 4, 4;
    %pad/u 3;
    %add;
    %load/vec4 v0x2554120_0;
    %parti/s 1, 3, 3;
    %pad/u 3;
    %add;
    %load/vec4 v0x2554120_0;
    %parti/s 1, 2, 3;
    %pad/u 3;
    %add;
    %load/vec4 v0x2554120_0;
    %parti/s 1, 1, 2;
    %pad/u 3;
    %add;
    %load/vec4 v0x2554120_0;
    %parti/s 1, 0, 2;
    %pad/u 3;
    %add;
    %cmp/u;
    %flag_get/vec4 5;
    %store/vec4 v0x25541c0_0, 0, 1;
    %jmp T_11;
    .thread T_11, $push;
    .scope S_0x25532c0;
T_12 ;
    %wait E_0x254c120;
    %load/vec4 v0x2554950_0;
    %flag_set/vec4 8;
    %jmp/0xz  T_12.0, 8;
    %load/vec4 v0x2554490_0;
    %ix/load 4, 1, 0;
    %flag_set/imm 4, 0;
    %shiftl 4;
    %assign/vec4 v0x2554490_0, 0;
    %load/vec4 v0x2554b40_0;
    %parti/s 1, 7, 4;
    %ix/load 4, 0, 0;
    %ix/load 5, 0, 0;
    %flag_set/imm 4, 0;
    %assign/vec4/off/d v0x2554490_0, 4, 5;
    %load/vec4 v0x2554b40_0;
    %ix/load 4, 1, 0;
    %flag_set/imm 4, 0;
    %shiftl 4;
    %assign/vec4 v0x2554b40_0, 0;
    %load/vec4 v0x25547f0_0;
    %ix/load 4, 0, 0;
    %ix/load 5, 0, 0;
    %flag_set/imm 4, 0;
    %assign/vec4/off/d v0x2554b40_0, 4, 5;
T_12.0 ;
    %jmp T_12;
    .thread T_12;
    .scope S_0x2555710;
T_13 ;
    %wait E_0x2555b10;
    %load/vec4 v0x2556020_0;
    %load/vec4 v0x2555ee0_0;
    %parti/s 1, 7, 4;
    %pad/u 3;
    %load/vec4 v0x2555ee0_0;
    %parti/s 1, 6, 4;
    %pad/u 3;
    %add;
    %load/vec4 v0x2555ee0_0;
    %parti/s 1, 5, 4;
    %pad/u 3;
    %add;
    %load/vec4 v0x2555ee0_0;
    %parti/s 1, 4, 4;
    %pad/u 3;
    %add;
    %load/vec4 v0x2555ee0_0;
    %parti/s 1, 3, 3;
    %pad/u 3;
    %add;
    %load/vec4 v0x2555ee0_0;
    %parti/s 1, 2, 3;
    %pad/u 3;
    %add;
    %load/vec4 v0x2555ee0_0;
    %parti/s 1, 1, 2;
    %pad/u 3;
    %add;
    %load/vec4 v0x2555ee0_0;
    %parti/s 1, 0, 2;
    %pad/u 3;
    %add;
    %cmp/u;
    %flag_get/vec4 5;
    %store/vec4 v0x2555f80_0, 0, 1;
    %jmp T_13;
    .thread T_13, $push;
    .scope S_0x2555040;
T_14 ;
    %wait E_0x254c120;
    %load/vec4 v0x2556640_0;
    %flag_set/vec4 8;
    %jmp/0xz  T_14.0, 8;
    %load/vec4 v0x2556250_0;
    %ix/load 4, 1, 0;
    %flag_set/imm 4, 0;
    %shiftl 4;
    %assign/vec4 v0x2556250_0, 0;
    %load/vec4 v0x25567a0_0;
    %parti/s 1, 7, 4;
    %ix/load 4, 0, 0;
    %ix/load 5, 0, 0;
    %flag_set/imm 4, 0;
    %assign/vec4/off/d v0x2556250_0, 4, 5;
    %load/vec4 v0x25567a0_0;
    %ix/load 4, 1, 0;
    %flag_set/imm 4, 0;
    %shiftl 4;
    %assign/vec4 v0x25567a0_0, 0;
    %load/vec4 v0x2556490_0;
    %ix/load 4, 0, 0;
    %ix/load 5, 0, 0;
    %flag_set/imm 4, 0;
    %assign/vec4/off/d v0x25567a0_0, 4, 5;
T_14.0 ;
    %jmp T_14;
    .thread T_14;
    .scope S_0x2557410;
T_15 ;
    %wait E_0x2557810;
    %load/vec4 v0x2557d20_0;
    %load/vec4 v0x2557be0_0;
    %parti/s 1, 7, 4;
    %pad/u 3;
    %load/vec4 v0x2557be0_0;
    %parti/s 1, 6, 4;
    %pad/u 3;
    %add;
    %load/vec4 v0x2557be0_0;
    %parti/s 1, 5, 4;
    %pad/u 3;
    %add;
    %load/vec4 v0x2557be0_0;
    %parti/s 1, 4, 4;
    %pad/u 3;
    %add;
    %load/vec4 v0x2557be0_0;
    %parti/s 1, 3, 3;
    %pad/u 3;
    %add;
    %load/vec4 v0x2557be0_0;
    %parti/s 1, 2, 3;
    %pad/u 3;
    %add;
    %load/vec4 v0x2557be0_0;
    %parti/s 1, 1, 2;
    %pad/u 3;
    %add;
    %load/vec4 v0x2557be0_0;
    %parti/s 1, 0, 2;
    %pad/u 3;
    %add;
    %cmp/u;
    %flag_get/vec4 5;
    %store/vec4 v0x2557c80_0, 0, 1;
    %jmp T_15;
    .thread T_15, $push;
    .scope S_0x2556d40;
T_16 ;
    %wait E_0x254c120;
    %load/vec4 v0x2558340_0;
    %flag_set/vec4 8;
    %jmp/0xz  T_16.0, 8;
    %load/vec4 v0x2557f50_0;
    %ix/load 4, 1, 0;
    %flag_set/imm 4, 0;
    %shiftl 4;
    %assign/vec4 v0x2557f50_0, 0;
    %load/vec4 v0x25584a0_0;
    %parti/s 1, 7, 4;
    %ix/load 4, 0, 0;
    %ix/load 5, 0, 0;
    %flag_set/imm 4, 0;
    %assign/vec4/off/d v0x2557f50_0, 4, 5;
    %load/vec4 v0x25584a0_0;
    %ix/load 4, 1, 0;
    %flag_set/imm 4, 0;
    %shiftl 4;
    %assign/vec4 v0x25584a0_0, 0;
    %load/vec4 v0x2558190_0;
    %ix/load 4, 0, 0;
    %ix/load 5, 0, 0;
    %flag_set/imm 4, 0;
    %assign/vec4/off/d v0x25584a0_0, 4, 5;
T_16.0 ;
    %jmp T_16;
    .thread T_16;
    .scope S_0x2559110;
T_17 ;
    %wait E_0x2559510;
    %load/vec4 v0x2559a20_0;
    %load/vec4 v0x25598e0_0;
    %parti/s 1, 7, 4;
    %pad/u 3;
    %load/vec4 v0x25598e0_0;
    %parti/s 1, 6, 4;
    %pad/u 3;
    %add;
    %load/vec4 v0x25598e0_0;
    %parti/s 1, 5, 4;
    %pad/u 3;
    %add;
    %load/vec4 v0x25598e0_0;
    %parti/s 1, 4, 4;
    %pad/u 3;
    %add;
    %load/vec4 v0x25598e0_0;
    %parti/s 1, 3, 3;
    %pad/u 3;
    %add;
    %load/vec4 v0x25598e0_0;
    %parti/s 1, 2, 3;
    %pad/u 3;
    %add;
    %load/vec4 v0x25598e0_0;
    %parti/s 1, 1, 2;
    %pad/u 3;
    %add;
    %load/vec4 v0x25598e0_0;
    %parti/s 1, 0, 2;
    %pad/u 3;
    %add;
    %cmp/u;
    %flag_get/vec4 5;
    %store/vec4 v0x2559980_0, 0, 1;
    %jmp T_17;
    .thread T_17, $push;
    .scope S_0x2558a40;
T_18 ;
    %wait E_0x254c120;
    %load/vec4 v0x255a040_0;
    %flag_set/vec4 8;
    %jmp/0xz  T_18.0, 8;
    %load/vec4 v0x2559c50_0;
    %ix/load 4, 1, 0;
    %flag_set/imm 4, 0;
    %shiftl 4;
    %assign/vec4 v0x2559c50_0, 0;
    %load/vec4 v0x255a1a0_0;
    %parti/s 1, 7, 4;
    %ix/load 4, 0, 0;
    %ix/load 5, 0, 0;
    %flag_set/imm 4, 0;
    %assign/vec4/off/d v0x2559c50_0, 4, 5;
    %load/vec4 v0x255a1a0_0;
    %ix/load 4, 1, 0;
    %flag_set/imm 4, 0;
    %shiftl 4;
    %assign/vec4 v0x255a1a0_0, 0;
    %load/vec4 v0x2559e90_0;
    %ix/load 4, 0, 0;
    %ix/load 5, 0, 0;
    %flag_set/imm 4, 0;
    %assign/vec4/off/d v0x255a1a0_0, 4, 5;
T_18.0 ;
    %jmp T_18;
    .thread T_18;
    .scope S_0x255ae50;
T_19 ;
    %wait E_0x255b250;
    %load/vec4 v0x255b760_0;
    %load/vec4 v0x255b620_0;
    %parti/s 1, 7, 4;
    %pad/u 3;
    %load/vec4 v0x255b620_0;
    %parti/s 1, 6, 4;
    %pad/u 3;
    %add;
    %load/vec4 v0x255b620_0;
    %parti/s 1, 5, 4;
    %pad/u 3;
    %add;
    %load/vec4 v0x255b620_0;
    %parti/s 1, 4, 4;
    %pad/u 3;
    %add;
    %load/vec4 v0x255b620_0;
    %parti/s 1, 3, 3;
    %pad/u 3;
    %add;
    %load/vec4 v0x255b620_0;
    %parti/s 1, 2, 3;
    %pad/u 3;
    %add;
    %load/vec4 v0x255b620_0;
    %parti/s 1, 1, 2;
    %pad/u 3;
    %add;
    %load/vec4 v0x255b620_0;
    %parti/s 1, 0, 2;
    %pad/u 3;
    %add;
    %cmp/u;
    %flag_get/vec4 5;
    %store/vec4 v0x255b6c0_0, 0, 1;
    %jmp T_19;
    .thread T_19, $push;
    .scope S_0x255a780;
T_20 ;
    %wait E_0x254c120;
    %load/vec4 v0x255be20_0;
    %flag_set/vec4 8;
    %jmp/0xz  T_20.0, 8;
    %load/vec4 v0x255b990_0;
    %ix/load 4, 1, 0;
    %flag_set/imm 4, 0;
    %shiftl 4;
    %assign/vec4 v0x255b990_0, 0;
    %load/vec4 v0x255c070_0;
    %parti/s 1, 7, 4;
    %ix/load 4, 0, 0;
    %ix/load 5, 0, 0;
    %flag_set/imm 4, 0;
    %assign/vec4/off/d v0x255b990_0, 4, 5;
    %load/vec4 v0x255c070_0;
    %ix/load 4, 1, 0;
    %flag_set/imm 4, 0;
    %shiftl 4;
    %assign/vec4 v0x255c070_0, 0;
    %load/vec4 v0x255bce0_0;
    %ix/load 4, 0, 0;
    %ix/load 5, 0, 0;
    %flag_set/imm 4, 0;
    %assign/vec4/off/d v0x255c070_0, 4, 5;
T_20.0 ;
    %jmp T_20;
    .thread T_20;
    .scope S_0x255cbb0;
T_21 ;
    %wait E_0x255cfb0;
    %load/vec4 v0x255d4c0_0;
    %load/vec4 v0x255d380_0;
    %parti/s 1, 7, 4;
    %pad/u 3;
    %load/vec4 v0x255d380_0;
    %parti/s 1, 6, 4;
    %pad/u 3;
    %add;
    %load/vec4 v0x255d380_0;
    %parti/s 1, 5, 4;
    %pad/u 3;
    %add;
    %load/vec4 v0x255d380_0;
    %parti/s 1, 4, 4;
    %pad/u 3;
    %add;
    %load/vec4 v0x255d380_0;
    %parti/s 1, 3, 3;
    %pad/u 3;
    %add;
    %load/vec4 v0x255d380_0;
    %parti/s 1, 2, 3;
    %pad/u 3;
    %add;
    %load/vec4 v0x255d380_0;
    %parti/s 1, 1, 2;
    %pad/u 3;
    %add;
    %load/vec4 v0x255d380_0;
    %parti/s 1, 0, 2;
    %pad/u 3;
    %add;
    %cmp/u;
    %flag_get/vec4 5;
    %store/vec4 v0x255d420_0, 0, 1;
    %jmp T_21;
    .thread T_21, $push;
    .scope S_0x255c4e0;
T_22 ;
    %wait E_0x254c120;
    %load/vec4 v0x255db00_0;
    %flag_set/vec4 8;
    %jmp/0xz  T_22.0, 8;
    %load/vec4 v0x255d6f0_0;
    %ix/load 4, 1, 0;
    %flag_set/imm 4, 0;
    %shiftl 4;
    %assign/vec4 v0x255d6f0_0, 0;
    %load/vec4 v0x255dc60_0;
    %parti/s 1, 7, 4;
    %ix/load 4, 0, 0;
    %ix/load 5, 0, 0;
    %flag_set/imm 4, 0;
    %assign/vec4/off/d v0x255d6f0_0, 4, 5;
    %load/vec4 v0x255dc60_0;
    %ix/load 4, 1, 0;
    %flag_set/imm 4, 0;
    %shiftl 4;
    %assign/vec4 v0x255dc60_0, 0;
    %load/vec4 v0x255d930_0;
    %ix/load 4, 0, 0;
    %ix/load 5, 0, 0;
    %flag_set/imm 4, 0;
    %assign/vec4/off/d v0x255dc60_0, 4, 5;
T_22.0 ;
    %jmp T_22;
    .thread T_22;
    .scope S_0x255e800;
T_23 ;
    %wait E_0x255ec00;
    %load/vec4 v0x255f110_0;
    %load/vec4 v0x255efd0_0;
    %parti/s 1, 7, 4;
    %pad/u 3;
    %load/vec4 v0x255efd0_0;
    %parti/s 1, 6, 4;
    %pad/u 3;
    %add;
    %load/vec4 v0x255efd0_0;
    %parti/s 1, 5, 4;
    %pad/u 3;
    %add;
    %load/vec4 v0x255efd0_0;
    %parti/s 1, 4, 4;
    %pad/u 3;
    %add;
    %load/vec4 v0x255efd0_0;
    %parti/s 1, 3, 3;
    %pad/u 3;
    %add;
    %load/vec4 v0x255efd0_0;
    %parti/s 1, 2, 3;
    %pad/u 3;
    %add;
    %load/vec4 v0x255efd0_0;
    %parti/s 1, 1, 2;
    %pad/u 3;
    %add;
    %load/vec4 v0x255efd0_0;
    %parti/s 1, 0, 2;
    %pad/u 3;
    %add;
    %cmp/u;
    %flag_get/vec4 5;
    %store/vec4 v0x255f070_0, 0, 1;
    %jmp T_23;
    .thread T_23, $push;
    .scope S_0x255e130;
T_24 ;
    %wait E_0x254c120;
    %load/vec4 v0x255f750_0;
    %flag_set/vec4 8;
    %jmp/0xz  T_24.0, 8;
    %load/vec4 v0x255f340_0;
    %ix/load 4, 1, 0;
    %flag_set/imm 4, 0;
    %shiftl 4;
    %assign/vec4 v0x255f340_0, 0;
    %load/vec4 v0x255f8b0_0;
    %parti/s 1, 7, 4;
    %ix/load 4, 0, 0;
    %ix/load 5, 0, 0;
    %flag_set/imm 4, 0;
    %assign/vec4/off/d v0x255f340_0, 4, 5;
    %load/vec4 v0x255f8b0_0;
    %ix/load 4, 1, 0;
    %flag_set/imm 4, 0;
    %shiftl 4;
    %assign/vec4 v0x255f8b0_0, 0;
    %load/vec4 v0x255f580_0;
    %ix/load 4, 0, 0;
    %ix/load 5, 0, 0;
    %flag_set/imm 4, 0;
    %assign/vec4/off/d v0x255f8b0_0, 4, 5;
T_24.0 ;
    %jmp T_24;
    .thread T_24;
    .scope S_0x2560450;
T_25 ;
    %wait E_0x2560850;
    %load/vec4 v0x2560d60_0;
    %load/vec4 v0x2560c20_0;
    %parti/s 1, 7, 4;
    %pad/u 3;
    %load/vec4 v0x2560c20_0;
    %parti/s 1, 6, 4;
    %pad/u 3;
    %add;
    %load/vec4 v0x2560c20_0;
    %parti/s 1, 5, 4;
    %pad/u 3;
    %add;
    %load/vec4 v0x2560c20_0;
    %parti/s 1, 4, 4;
    %pad/u 3;
    %add;
    %load/vec4 v0x2560c20_0;
    %parti/s 1, 3, 3;
    %pad/u 3;
    %add;
    %load/vec4 v0x2560c20_0;
    %parti/s 1, 2, 3;
    %pad/u 3;
    %add;
    %load/vec4 v0x2560c20_0;
    %parti/s 1, 1, 2;
    %pad/u 3;
    %add;
    %load/vec4 v0x2560c20_0;
    %parti/s 1, 0, 2;
    %pad/u 3;
    %add;
    %cmp/u;
    %flag_get/vec4 5;
    %store/vec4 v0x2560cc0_0, 0, 1;
    %jmp T_25;
    .thread T_25, $push;
    .scope S_0x255fd80;
T_26 ;
    %wait E_0x254c120;
    %load/vec4 v0x25613a0_0;
    %flag_set/vec4 8;
    %jmp/0xz  T_26.0, 8;
    %load/vec4 v0x2560f90_0;
    %ix/load 4, 1, 0;
    %flag_set/imm 4, 0;
    %shiftl 4;
    %assign/vec4 v0x2560f90_0, 0;
    %load/vec4 v0x2561500_0;
    %parti/s 1, 7, 4;
    %ix/load 4, 0, 0;
    %ix/load 5, 0, 0;
    %flag_set/imm 4, 0;
    %assign/vec4/off/d v0x2560f90_0, 4, 5;
    %load/vec4 v0x2561500_0;
    %ix/load 4, 1, 0;
    %flag_set/imm 4, 0;
    %shiftl 4;
    %assign/vec4 v0x2561500_0, 0;
    %load/vec4 v0x25611d0_0;
    %ix/load 4, 0, 0;
    %ix/load 5, 0, 0;
    %flag_set/imm 4, 0;
    %assign/vec4/off/d v0x2561500_0, 4, 5;
T_26.0 ;
    %jmp T_26;
    .thread T_26;
    .scope S_0x25620b0;
T_27 ;
    %wait E_0x2562490;
    %load/vec4 v0x25629a0_0;
    %load/vec4 v0x2562860_0;
    %parti/s 1, 7, 4;
    %pad/u 3;
    %load/vec4 v0x2562860_0;
    %parti/s 1, 6, 4;
    %pad/u 3;
    %add;
    %load/vec4 v0x2562860_0;
    %parti/s 1, 5, 4;
    %pad/u 3;
    %add;
    %load/vec4 v0x2562860_0;
    %parti/s 1, 4, 4;
    %pad/u 3;
    %add;
    %load/vec4 v0x2562860_0;
    %parti/s 1, 3, 3;
    %pad/u 3;
    %add;
    %load/vec4 v0x2562860_0;
    %parti/s 1, 2, 3;
    %pad/u 3;
    %add;
    %load/vec4 v0x2562860_0;
    %parti/s 1, 1, 2;
    %pad/u 3;
    %add;
    %load/vec4 v0x2562860_0;
    %parti/s 1, 0, 2;
    %pad/u 3;
    %add;
    %cmp/u;
    %flag_get/vec4 5;
    %store/vec4 v0x2562900_0, 0, 1;
    %jmp T_27;
    .thread T_27, $push;
    .scope S_0x25619d0;
T_28 ;
    %wait E_0x254c120;
    %load/vec4 v0x2562fe0_0;
    %flag_set/vec4 8;
    %jmp/0xz  T_28.0, 8;
    %load/vec4 v0x2562bd0_0;
    %ix/load 4, 1, 0;
    %flag_set/imm 4, 0;
    %shiftl 4;
    %assign/vec4 v0x2562bd0_0, 0;
    %load/vec4 v0x2563140_0;
    %parti/s 1, 7, 4;
    %ix/load 4, 0, 0;
    %ix/load 5, 0, 0;
    %flag_set/imm 4, 0;
    %assign/vec4/off/d v0x2562bd0_0, 4, 5;
    %load/vec4 v0x2563140_0;
    %ix/load 4, 1, 0;
    %flag_set/imm 4, 0;
    %shiftl 4;
    %assign/vec4 v0x2563140_0, 0;
    %load/vec4 v0x2562e10_0;
    %ix/load 4, 0, 0;
    %ix/load 5, 0, 0;
    %flag_set/imm 4, 0;
    %assign/vec4/off/d v0x2563140_0, 4, 5;
T_28.0 ;
    %jmp T_28;
    .thread T_28;
    .scope S_0x2563cf0;
T_29 ;
    %wait E_0x25640d0;
    %load/vec4 v0x25645e0_0;
    %load/vec4 v0x25644a0_0;
    %parti/s 1, 7, 4;
    %pad/u 3;
    %load/vec4 v0x25644a0_0;
    %parti/s 1, 6, 4;
    %pad/u 3;
    %add;
    %load/vec4 v0x25644a0_0;
    %parti/s 1, 5, 4;
    %pad/u 3;
    %add;
    %load/vec4 v0x25644a0_0;
    %parti/s 1, 4, 4;
    %pad/u 3;
    %add;
    %load/vec4 v0x25644a0_0;
    %parti/s 1, 3, 3;
    %pad/u 3;
    %add;
    %load/vec4 v0x25644a0_0;
    %parti/s 1, 2, 3;
    %pad/u 3;
    %add;
    %load/vec4 v0x25644a0_0;
    %parti/s 1, 1, 2;
    %pad/u 3;
    %add;
    %load/vec4 v0x25644a0_0;
    %parti/s 1, 0, 2;
    %pad/u 3;
    %add;
    %cmp/u;
    %flag_get/vec4 5;
    %store/vec4 v0x2564540_0, 0, 1;
    %jmp T_29;
    .thread T_29, $push;
    .scope S_0x2563610;
T_30 ;
    %wait E_0x254c120;
    %load/vec4 v0x2564c20_0;
    %flag_set/vec4 8;
    %jmp/0xz  T_30.0, 8;
    %load/vec4 v0x2564810_0;
    %ix/load 4, 1, 0;
    %flag_set/imm 4, 0;
    %shiftl 4;
    %assign/vec4 v0x2564810_0, 0;
    %load/vec4 v0x2564d80_0;
    %parti/s 1, 7, 4;
    %ix/load 4, 0, 0;
    %ix/load 5, 0, 0;
    %flag_set/imm 4, 0;
    %assign/vec4/off/d v0x2564810_0, 4, 5;
    %load/vec4 v0x2564d80_0;
    %ix/load 4, 1, 0;
    %flag_set/imm 4, 0;
    %shiftl 4;
    %assign/vec4 v0x2564d80_0, 0;
    %load/vec4 v0x2564a50_0;
    %ix/load 4, 0, 0;
    %ix/load 5, 0, 0;
    %flag_set/imm 4, 0;
    %assign/vec4/off/d v0x2564d80_0, 4, 5;
T_30.0 ;
    %jmp T_30;
    .thread T_30;
    .scope S_0x2565930;
T_31 ;
    %wait E_0x2565d10;
    %load/vec4 v0x2566220_0;
    %load/vec4 v0x25660e0_0;
    %parti/s 1, 7, 4;
    %pad/u 3;
    %load/vec4 v0x25660e0_0;
    %parti/s 1, 6, 4;
    %pad/u 3;
    %add;
    %load/vec4 v0x25660e0_0;
    %parti/s 1, 5, 4;
    %pad/u 3;
    %add;
    %load/vec4 v0x25660e0_0;
    %parti/s 1, 4, 4;
    %pad/u 3;
    %add;
    %load/vec4 v0x25660e0_0;
    %parti/s 1, 3, 3;
    %pad/u 3;
    %add;
    %load/vec4 v0x25660e0_0;
    %parti/s 1, 2, 3;
    %pad/u 3;
    %add;
    %load/vec4 v0x25660e0_0;
    %parti/s 1, 1, 2;
    %pad/u 3;
    %add;
    %load/vec4 v0x25660e0_0;
    %parti/s 1, 0, 2;
    %pad/u 3;
    %add;
    %cmp/u;
    %flag_get/vec4 5;
    %store/vec4 v0x2566180_0, 0, 1;
    %jmp T_31;
    .thread T_31, $push;
    .scope S_0x2565250;
T_32 ;
    %wait E_0x254c120;
    %load/vec4 v0x2566860_0;
    %flag_set/vec4 8;
    %jmp/0xz  T_32.0, 8;
    %load/vec4 v0x2566450_0;
    %ix/load 4, 1, 0;
    %flag_set/imm 4, 0;
    %shiftl 4;
    %assign/vec4 v0x2566450_0, 0;
    %load/vec4 v0x25669c0_0;
    %parti/s 1, 7, 4;
    %ix/load 4, 0, 0;
    %ix/load 5, 0, 0;
    %flag_set/imm 4, 0;
    %assign/vec4/off/d v0x2566450_0, 4, 5;
    %load/vec4 v0x25669c0_0;
    %ix/load 4, 1, 0;
    %flag_set/imm 4, 0;
    %shiftl 4;
    %assign/vec4 v0x25669c0_0, 0;
    %load/vec4 v0x2566690_0;
    %ix/load 4, 0, 0;
    %ix/load 5, 0, 0;
    %flag_set/imm 4, 0;
    %assign/vec4/off/d v0x25669c0_0, 4, 5;
T_32.0 ;
    %jmp T_32;
    .thread T_32;
    .scope S_0x2567570;
T_33 ;
    %wait E_0x2567950;
    %load/vec4 v0x2567e60_0;
    %load/vec4 v0x2567d20_0;
    %parti/s 1, 7, 4;
    %pad/u 3;
    %load/vec4 v0x2567d20_0;
    %parti/s 1, 6, 4;
    %pad/u 3;
    %add;
    %load/vec4 v0x2567d20_0;
    %parti/s 1, 5, 4;
    %pad/u 3;
    %add;
    %load/vec4 v0x2567d20_0;
    %parti/s 1, 4, 4;
    %pad/u 3;
    %add;
    %load/vec4 v0x2567d20_0;
    %parti/s 1, 3, 3;
    %pad/u 3;
    %add;
    %load/vec4 v0x2567d20_0;
    %parti/s 1, 2, 3;
    %pad/u 3;
    %add;
    %load/vec4 v0x2567d20_0;
    %parti/s 1, 1, 2;
    %pad/u 3;
    %add;
    %load/vec4 v0x2567d20_0;
    %parti/s 1, 0, 2;
    %pad/u 3;
    %add;
    %cmp/u;
    %flag_get/vec4 5;
    %store/vec4 v0x2567dc0_0, 0, 1;
    %jmp T_33;
    .thread T_33, $push;
    .scope S_0x2566e90;
T_34 ;
    %wait E_0x254c120;
    %load/vec4 v0x25684a0_0;
    %flag_set/vec4 8;
    %jmp/0xz  T_34.0, 8;
    %load/vec4 v0x2568090_0;
    %ix/load 4, 1, 0;
    %flag_set/imm 4, 0;
    %shiftl 4;
    %assign/vec4 v0x2568090_0, 0;
    %load/vec4 v0x2568600_0;
    %parti/s 1, 7, 4;
    %ix/load 4, 0, 0;
    %ix/load 5, 0, 0;
    %flag_set/imm 4, 0;
    %assign/vec4/off/d v0x2568090_0, 4, 5;
    %load/vec4 v0x2568600_0;
    %ix/load 4, 1, 0;
    %flag_set/imm 4, 0;
    %shiftl 4;
    %assign/vec4 v0x2568600_0, 0;
    %load/vec4 v0x25682d0_0;
    %ix/load 4, 0, 0;
    %ix/load 5, 0, 0;
    %flag_set/imm 4, 0;
    %assign/vec4/off/d v0x2568600_0, 4, 5;
T_34.0 ;
    %jmp T_34;
    .thread T_34;
    .scope S_0x254b3d0;
T_35 ;
    %wait E_0x254c120;
    %load/vec4 v0x256b300_0;
    %flag_set/vec4 8;
    %jmp/0xz  T_35.0, 8;
    %pushi/vec4 0, 0, 8;
    %assign/vec4 v0x256ab40_0, 0;
    %jmp T_35.1;
T_35.0 ;
    %load/vec4 v0x256ba80_0;
    %flag_set/vec4 8;
    %jmp/0xz  T_35.2, 8;
    %load/vec4 v0x256b9a0_0;
    %ix/load 4, 4, 0;
    %ix/load 5, 0, 0;
    %flag_set/imm 4, 0;
    %assign/vec4/off/d v0x256ab40_0, 4, 5;
    %jmp T_35.3;
T_35.2 ;
    %load/vec4 v0x256b9a0_0;
    %ix/load 4, 0, 0;
    %ix/load 5, 0, 0;
    %flag_set/imm 4, 0;
    %assign/vec4/off/d v0x256ab40_0, 4, 5;
T_35.3 ;
T_35.1 ;
    %jmp T_35;
    .thread T_35;
    .scope S_0x2524050;
T_36 ;
    %vpi_call/w 4 21 "$dumpfile", "tb.vcd" {0 0 0};
    %vpi_call/w 4 22 "$dumpvars", 32'sb00000000000000000000000000000000, S_0x2524050 {0 0 0};
    %delay 1000, 0;
    %end;
    .thread T_36;
# The file index is used to find the file name in the following table.
:file_names 7;
    "N/A";
    "<interactive>";
    "cells.v";
    "popcount.v";
    "tb.v";
    "top.v";
    "neuron.v";
